bzip2: Output file /scratch/users/karoraw1@jhu.edu/__CA__/CA_V3/data/01_QC_final/crofts_14D2-QUALITY_PASSED_R1.fastq already exists.
[16:57:29] This is snippy 4.4.5
[16:57:29] Written by Torsten Seemann
[16:57:29] Obtained from https://github.com/tseemann/snippy
[16:57:29] Detected operating system: linux
[16:57:29] Enabling bundled linux tools.
[16:57:29] Found bwa - /scratch/users/karoraw1@jhu.edu/variant-calling/bin/SNIPPY_ENV/bin/bwa
[16:57:29] Found bcftools - /scratch/users/karoraw1@jhu.edu/variant-calling/bin/SNIPPY_ENV/bin/bcftools
[16:57:29] Found samtools - /scratch/users/karoraw1@jhu.edu/variant-calling/bin/SNIPPY_ENV/bin/samtools
[16:57:29] Found java - /scratch/users/karoraw1@jhu.edu/variant-calling/bin/SNIPPY_ENV/bin/java
[16:57:29] Found snpEff - /scratch/users/karoraw1@jhu.edu/variant-calling/bin/SNIPPY_ENV/bin/snpEff
[16:57:29] Found samclip - /scratch/users/karoraw1@jhu.edu/variant-calling/bin/SNIPPY_ENV/bin/samclip
[16:57:29] Found seqtk - /scratch/users/karoraw1@jhu.edu/variant-calling/bin/SNIPPY_ENV/bin/seqtk
[16:57:29] Found parallel - /scratch/users/karoraw1@jhu.edu/variant-calling/bin/SNIPPY_ENV/bin/parallel
[16:57:29] Found freebayes - /scratch/users/karoraw1@jhu.edu/variant-calling/bin/SNIPPY_ENV/bin/freebayes
[16:57:29] Found freebayes-parallel - /scratch/users/karoraw1@jhu.edu/variant-calling/bin/SNIPPY_ENV/bin/freebayes-parallel
[16:57:29] Found fasta_generate_regions.py - /scratch/users/karoraw1@jhu.edu/variant-calling/bin/SNIPPY_ENV/bin/fasta_generate_regions.py
[16:57:29] Found vcfstreamsort - /scratch/users/karoraw1@jhu.edu/variant-calling/bin/SNIPPY_ENV/bin/vcfstreamsort
[16:57:29] Found vcfuniq - /scratch/users/karoraw1@jhu.edu/variant-calling/bin/SNIPPY_ENV/bin/vcfuniq
[16:57:29] Found vcffirstheader - /scratch/users/karoraw1@jhu.edu/variant-calling/bin/SNIPPY_ENV/bin/vcffirstheader
[16:57:29] Found gzip - /software/centos7/bin/gzip
[16:57:29] Found vt - /scratch/users/karoraw1@jhu.edu/variant-calling/bin/SNIPPY_ENV/bin/vt
[16:57:29] Found snippy-vcf_to_tab - /scratch/users/karoraw1@jhu.edu/variant-calling/bin/SNIPPY_ENV/bin/snippy-vcf_to_tab
[16:57:29] Found snippy-vcf_report - /scratch/users/karoraw1@jhu.edu/variant-calling/bin/SNIPPY_ENV/bin/snippy-vcf_report
[16:57:29] Checking version: samtools --version is >= 1.7 - ok, have 1.9
[16:57:29] Checking version: bcftools --version is >= 1.7 - ok, have 1.9
[16:57:29] Checking version: freebayes --version is >= 1.1 - ok, have 1.3
[16:57:29] Checking version: java -version is >= 1.8 - ok, have 1.8
[16:57:29] Checking version: snpEff -version is >= 4.3 - ok, have 4.3
[16:57:29] Checking version: bwa is >= 7.12 - ok, have 7.17
[16:57:29] Using reference: /scratch/users/karoraw1@jhu.edu/variant-calling/refs/GCA_000171795.2_ASM17179v2_genomic.gbff
[16:57:30] Treating reference as 'genbank' format.
[16:57:30] Will use 24 CPU cores.
[16:57:30] Using read file: /scratch/users/karoraw1@jhu.edu/__CA__/CA_V3/data/01_QC_final/crofts_14D2-QUALITY_PASSED_R1.fastq
[16:57:30] Using read file: /scratch/users/karoraw1@jhu.edu/__CA__/CA_V3/data/01_QC_final/crofts_14D2-QUALITY_PASSED_R2.fastq
[16:57:30] Creating folder: /home-3/karoraw1@jhu.edu/scratch/variant-calling/snipout/crofts_14D2
[16:57:30] Changing working directory: /home-3/karoraw1@jhu.edu/scratch/variant-calling/snipout/crofts_14D2
[16:57:30] Creating reference folder: reference
[16:57:30] Extracting FASTA and GFF from reference.
[16:57:31] Wrote 1 sequences to ref.fa
[16:57:31] Wrote 1687 features to ref.gff
[16:57:31] Creating reference/snpeff.config
[16:57:31] Freebayes will process 47 chunks of 35390 bp, 24 chunks at a time.
[16:57:31] Using BAM RG (Read Group) ID: crofts_14D2
[16:57:31] Running: samtools faidx reference/ref.fa 2>> crofts_14D2.log
[16:57:31] Running: bwa index reference/ref.fa 2>> crofts_14D2.log
[16:57:32] Running: mkdir -p reference/genomes && cp -f reference/ref.fa reference/genomes/ref.fa 2>> crofts_14D2.log
[16:57:32] Running: ln -sf reference/ref.fa . 2>> crofts_14D2.log
[16:57:32] Running: ln -sf reference/ref.fa.fai . 2>> crofts_14D2.log
[16:57:32] Running: mkdir -p reference/ref && gzip -c reference/ref.gff > reference/ref/genes.gff.gz 2>> crofts_14D2.log
[16:57:32] Running: snpEff build -c reference/snpeff.config -dataDir . -gff3 ref 2>> crofts_14D2.log
[16:57:35] Running: bwa mem  -Y -M -R '@RG\tID:crofts_14D2\tSM:crofts_14D2' -t 24 reference/ref.fa /scratch/users/karoraw1@jhu.edu/__CA__/CA_V3/data/01_QC_final/crofts_14D2-QUALITY_PASSED_R1.fastq /scratch/users/karoraw1@jhu.edu/__CA__/CA_V3/data/01_QC_final/crofts_14D2-QUALITY_PASSED_R2.fastq | samclip --max 10 --ref reference/ref.fa.fai | samtools sort -n -l 0 -T /scratch/users/karoraw1@jhu.edu/variant-calling/snipout/tmp_crofts_14D2 --threads 15 -m 2666M | samtools fixmate -m - - | samtools sort -l 0 -T /scratch/users/karoraw1@jhu.edu/variant-calling/snipout/tmp_crofts_14D2 --threads 15 -m 2666M | samtools markdup -T /scratch/users/karoraw1@jhu.edu/variant-calling/snipout/tmp_crofts_14D2 -r -s - - > crofts_14D2.bam 2>> crofts_14D2.log
[M::bwa_idx_load_from_disk] read 0 ALT contigs
[samclip] samclip 0.2 by Torsten Seemann (@torstenseemann)
[samclip] Loading: reference/ref.fa.fai
[samclip] Found 1 sequences in reference/ref.fa.fai
[M::process] read 3200000 sequences (240000000 bp)...
[M::mem_pestat] # candidate unique pairs for (FF, FR, RF, RR): (0, 0, 0, 0)
[M::mem_pestat] skip orientation FF as there are not enough pairs
[M::mem_pestat] skip orientation FR as there are not enough pairs
[M::mem_pestat] skip orientation RF as there are not enough pairs
[M::mem_pestat] skip orientation RR as there are not enough pairs
[M::mem_process_seqs] Processed 3200000 reads in 112.923 CPU sec, 13.235 real sec
[samclip] Processed 100000 records...
[samclip] Processed 200000 records...
[samclip] Processed 300000 records...
[M::process] read 3200000 sequences (240000000 bp)...
[samclip] Processed 400000 records...
[samclip] Processed 500000 records...
[samclip] Processed 600000 records...
[samclip] Processed 700000 records...
[samclip] Processed 800000 records...
[samclip] Processed 900000 records...
[samclip] Processed 1000000 records...
[M::mem_pestat] # candidate unique pairs for (FF, FR, RF, RR): (0, 0, 0, 0)
[M::mem_pestat] skip orientation FF as there are not enough pairs
[M::mem_pestat] skip orientation FR as there are not enough pairs
[M::mem_pestat] skip orientation RF as there are not enough pairs
[M::mem_pestat] skip orientation RR as there are not enough pairs
[samclip] Processed 1100000 records...
[samclip] Processed 1200000 records...
[M::mem_process_seqs] Processed 3200000 reads in 109.855 CPU sec, 10.117 real sec
[samclip] Processed 1300000 records...
[samclip] Processed 1400000 records...
[samclip] Processed 1500000 records...
[samclip] Processed 1600000 records...
[samclip] Processed 1700000 records...
[samclip] Processed 1800000 records...
[samclip] Processed 1900000 records...
[samclip] Processed 2000000 records...
[samclip] Processed 2100000 records...
[samclip] Processed 2200000 records...
[samclip] Processed 2300000 records...
[samclip] Processed 2400000 records...
[samclip] Processed 2500000 records...
[samclip] Processed 2600000 records...
[samclip] Processed 2700000 records...
[samclip] Processed 2800000 records...
[samclip] Processed 2900000 records...
[samclip] Processed 3000000 records...
[samclip] Processed 3100000 records...
[samclip] Processed 3200000 records...
[samclip] Processed 3300000 records...
[samclip] Processed 3400000 records...
[samclip] Processed 3500000 records...
[samclip] Processed 3600000 records...
[samclip] Processed 3700000 records...
[samclip] Processed 3800000 records...
[samclip] Processed 3900000 records...
[samclip] Processed 4000000 records...
[samclip] Processed 4100000 records...
[M::process] read 3200000 sequences (240000000 bp)...
[samclip] Processed 4200000 records...
[samclip] Processed 4300000 records...
[samclip] Processed 4400000 records...
[samclip] Processed 4500000 records...
[samclip] Processed 4600000 records...
[M::mem_pestat] # candidate unique pairs for (FF, FR, RF, RR): (0, 0, 0, 0)
[M::mem_pestat] skip orientation FF as there are not enough pairs
[M::mem_pestat] skip orientation FR as there are not enough pairs
[M::mem_pestat] skip orientation RF as there are not enough pairs
[M::mem_pestat] skip orientation RR as there are not enough pairs
[samclip] Processed 4700000 records...
[M::mem_process_seqs] Processed 3200000 reads in 96.298 CPU sec, 4.932 real sec
[samclip] Processed 4800000 records...
[samclip] Processed 4900000 records...
[samclip] Processed 5000000 records...
[samclip] Processed 5100000 records...
[samclip] Processed 5200000 records...
[samclip] Processed 5300000 records...
[samclip] Processed 5400000 records...
[samclip] Processed 5500000 records...
[samclip] Processed 5600000 records...
[samclip] Processed 5700000 records...
[samclip] Processed 5800000 records...
[samclip] Processed 5900000 records...
[samclip] Processed 6000000 records...
[samclip] Processed 6100000 records...
[samclip] Processed 6200000 records...
[samclip] Processed 6300000 records...
[samclip] Processed 6400000 records...
[samclip] Processed 6500000 records...
[samclip] Processed 6600000 records...
[samclip] Processed 6700000 records...
[samclip] Processed 6800000 records...
[samclip] Processed 6900000 records...
[samclip] Processed 7000000 records...
[samclip] Processed 7100000 records...
[samclip] Processed 7200000 records...
[samclip] Processed 7300000 records...
[samclip] Processed 7400000 records...
[M::process] read 3200000 sequences (240000000 bp)...
[samclip] Processed 7500000 records...
[samclip] Processed 7600000 records...
[samclip] Processed 7700000 records...
[samclip] Processed 7800000 records...
[samclip] Processed 7900000 records...
[samclip] Processed 8000000 records...
[M::mem_pestat] # candidate unique pairs for (FF, FR, RF, RR): (0, 0, 0, 0)
[M::mem_pestat] skip orientation FF as there are not enough pairs
[M::mem_pestat] skip orientation FR as there are not enough pairs
[M::mem_pestat] skip orientation RF as there are not enough pairs
[M::mem_pestat] skip orientation RR as there are not enough pairs
[samclip] Processed 8100000 records...
[M::mem_process_seqs] Processed 3200000 reads in 96.031 CPU sec, 4.925 real sec
[samclip] Processed 8200000 records...
[samclip] Processed 8300000 records...
[samclip] Processed 8400000 records...
[samclip] Processed 8500000 records...
[samclip] Processed 8600000 records...
[samclip] Processed 8700000 records...
[samclip] Processed 8800000 records...
[samclip] Processed 8900000 records...
[samclip] Processed 9000000 records...
[samclip] Processed 9100000 records...
[samclip] Processed 9200000 records...
[samclip] Processed 9300000 records...
[samclip] Processed 9400000 records...
[samclip] Processed 9500000 records...
[samclip] Processed 9600000 records...
[samclip] Processed 9700000 records...
[samclip] Processed 9800000 records...
[samclip] Processed 9900000 records...
[samclip] Processed 10000000 records...
[samclip] Processed 10100000 records...
[samclip] Processed 10200000 records...
[samclip] Processed 10300000 records...
[samclip] Processed 10400000 records...
[samclip] Processed 10500000 records...
[samclip] Processed 10600000 records...
[M::process] read 3200000 sequences (240000000 bp)...
[samclip] Processed 10700000 records...
[samclip] Processed 10800000 records...
[samclip] Processed 10900000 records...
[samclip] Processed 11000000 records...
[M::mem_pestat] # candidate unique pairs for (FF, FR, RF, RR): (0, 0, 0, 0)
[M::mem_pestat] skip orientation FF as there are not enough pairs
[M::mem_pestat] skip orientation FR as there are not enough pairs
[M::mem_pestat] skip orientation RF as there are not enough pairs
[M::mem_pestat] skip orientation RR as there are not enough pairs
[samclip] Processed 11100000 records...
[samclip] Processed 11200000 records...
[M::mem_process_seqs] Processed 3200000 reads in 98.918 CPU sec, 4.833 real sec
[samclip] Processed 11300000 records...
[samclip] Processed 11400000 records...
[samclip] Processed 11500000 records...
[samclip] Processed 11600000 records...
[samclip] Processed 11700000 records...
[samclip] Processed 11800000 records...
[samclip] Processed 11900000 records...
[samclip] Processed 12000000 records...
[samclip] Processed 12100000 records...
[samclip] Processed 12200000 records...
[samclip] Processed 12300000 records...
[samclip] Processed 12400000 records...
[samclip] Processed 12500000 records...
[samclip] Processed 12600000 records...
[samclip] Processed 12700000 records...
[samclip] Processed 12800000 records...
[samclip] Processed 12900000 records...
[samclip] Processed 13000000 records...
[samclip] Processed 13100000 records...
[samclip] Processed 13200000 records...
[samclip] Processed 13300000 records...
[samclip] Processed 13400000 records...
[samclip] Processed 13500000 records...
[samclip] Processed 13600000 records...
[samclip] Processed 13700000 records...
[samclip] Processed 13800000 records...
[M::process] read 3200000 sequences (240000000 bp)...
[samclip] Processed 13900000 records...
[samclip] Processed 14000000 records...
[samclip] Processed 14100000 records...
[samclip] Processed 14200000 records...
[samclip] Processed 14300000 records...
[M::mem_pestat] # candidate unique pairs for (FF, FR, RF, RR): (0, 0, 0, 0)
[M::mem_pestat] skip orientation FF as there are not enough pairs
[M::mem_pestat] skip orientation FR as there are not enough pairs
[M::mem_pestat] skip orientation RF as there are not enough pairs
[M::mem_pestat] skip orientation RR as there are not enough pairs
[samclip] Processed 14400000 records...
[M::mem_process_seqs] Processed 3200000 reads in 96.002 CPU sec, 4.909 real sec
[samclip] Processed 14500000 records...
[samclip] Processed 14600000 records...
[samclip] Processed 14700000 records...
[samclip] Processed 14800000 records...
[samclip] Processed 14900000 records...
[samclip] Processed 15000000 records...
[samclip] Processed 15100000 records...
[samclip] Processed 15200000 records...
[samclip] Processed 15300000 records...
[samclip] Processed 15400000 records...
[samclip] Processed 15500000 records...
[samclip] Processed 15600000 records...
[samclip] Processed 15700000 records...
[samclip] Processed 15800000 records...
[samclip] Processed 15900000 records...
[samclip] Processed 16000000 records...
[samclip] Processed 16100000 records...
[samclip] Processed 16200000 records...
[samclip] Processed 16300000 records...
[samclip] Processed 16400000 records...
[samclip] Processed 16500000 records...
[samclip] Processed 16600000 records...
[samclip] Processed 16700000 records...
[samclip] Processed 16800000 records...
[samclip] Processed 16900000 records...
[samclip] Processed 17000000 records...
[M::process] read 3200000 sequences (240000000 bp)...
[samclip] Processed 17100000 records...
[samclip] Processed 17200000 records...
[samclip] Processed 17300000 records...
[samclip] Processed 17400000 records...
[samclip] Processed 17500000 records...
[M::mem_pestat] # candidate unique pairs for (FF, FR, RF, RR): (0, 0, 0, 0)
[M::mem_pestat] skip orientation FF as there are not enough pairs
[M::mem_pestat] skip orientation FR as there are not enough pairs
[M::mem_pestat] skip orientation RF as there are not enough pairs
[M::mem_pestat] skip orientation RR as there are not enough pairs
[samclip] Processed 17600000 records...
[M::mem_process_seqs] Processed 3200000 reads in 96.499 CPU sec, 4.773 real sec
[samclip] Processed 17700000 records...
[samclip] Processed 17800000 records...
[samclip] Processed 17900000 records...
[samclip] Processed 18000000 records...
[samclip] Processed 18100000 records...
[samclip] Processed 18200000 records...
[samclip] Processed 18300000 records...
[samclip] Processed 18400000 records...
[samclip] Processed 18500000 records...
[samclip] Processed 18600000 records...
[samclip] Processed 18700000 records...
[samclip] Processed 18800000 records...
[samclip] Processed 18900000 records...
[samclip] Processed 19000000 records...
[samclip] Processed 19100000 records...
[samclip] Processed 19200000 records...
[samclip] Processed 19300000 records...
[samclip] Processed 19400000 records...
[samclip] Processed 19500000 records...
[samclip] Processed 19600000 records...
[samclip] Processed 19700000 records...
[samclip] Processed 19800000 records...
[samclip] Processed 19900000 records...
[samclip] Processed 20000000 records...
[samclip] Processed 20100000 records...
[samclip] Processed 20200000 records...
[samclip] Processed 20300000 records...
[samclip] Processed 20400000 records...
[samclip] Processed 20500000 records...
[samclip] Processed 20600000 records...
[samclip] Processed 20700000 records...
[M::process] read 3200000 sequences (240000000 bp)...
[samclip] Processed 20800000 records...
[samclip] Processed 20900000 records...
[samclip] Processed 21000000 records...
[samclip] Processed 21100000 records...
[M::mem_pestat] # candidate unique pairs for (FF, FR, RF, RR): (0, 0, 0, 0)
[M::mem_pestat] skip orientation FF as there are not enough pairs
[M::mem_pestat] skip orientation FR as there are not enough pairs
[M::mem_pestat] skip orientation RF as there are not enough pairs
[M::mem_pestat] skip orientation RR as there are not enough pairs
[samclip] Processed 21200000 records...
[samclip] Processed 21300000 records...
[M::mem_process_seqs] Processed 3200000 reads in 99.652 CPU sec, 4.980 real sec
[samclip] Processed 21400000 records...
[samclip] Processed 21500000 records...
[samclip] Processed 21600000 records...
[samclip] Processed 21700000 records...
[samclip] Processed 21800000 records...
[samclip] Processed 21900000 records...
[samclip] Processed 22000000 records...
[samclip] Processed 22100000 records...
[samclip] Processed 22200000 records...
[samclip] Processed 22300000 records...
[samclip] Processed 22400000 records...
[samclip] Processed 22500000 records...
[samclip] Processed 22600000 records...
[samclip] Processed 22700000 records...
[samclip] Processed 22800000 records...
[samclip] Processed 22900000 records...
[samclip] Processed 23000000 records...
[samclip] Processed 23100000 records...
[samclip] Processed 23200000 records...
[samclip] Processed 23300000 records...
[M::process] read 3200002 sequences (240000146 bp)...
[samclip] Processed 23400000 records...
[samclip] Processed 23500000 records...
[samclip] Processed 23600000 records...
[samclip] Processed 23700000 records...
[samclip] Processed 23800000 records...
[M::mem_pestat] # candidate unique pairs for (FF, FR, RF, RR): (0, 0, 0, 0)
[M::mem_pestat] skip orientation FF as there are not enough pairs
[M::mem_pestat] skip orientation FR as there are not enough pairs
[M::mem_pestat] skip orientation RF as there are not enough pairs
[M::mem_pestat] skip orientation RR as there are not enough pairs
[samclip] Processed 23900000 records...
[samclip] Processed 24000000 records...
[M::mem_process_seqs] Processed 3200002 reads in 95.730 CPU sec, 4.839 real sec
[samclip] Processed 24100000 records...
[samclip] Processed 24200000 records...
[samclip] Processed 24300000 records...
[samclip] Processed 24400000 records...
[samclip] Processed 24500000 records...
[samclip] Processed 24600000 records...
[samclip] Processed 24700000 records...
[samclip] Processed 24800000 records...
[samclip] Processed 24900000 records...
[samclip] Processed 25000000 records...
[samclip] Processed 25100000 records...
[samclip] Processed 25200000 records...
[samclip] Processed 25300000 records...
[samclip] Processed 25400000 records...
[samclip] Processed 25500000 records...
[samclip] Processed 25600000 records...
[samclip] Processed 25700000 records...
[samclip] Processed 25800000 records...
[samclip] Processed 25900000 records...
[samclip] Processed 26000000 records...
[samclip] Processed 26100000 records...
[samclip] Processed 26200000 records...
[samclip] Processed 26300000 records...
[samclip] Processed 26400000 records...
[samclip] Processed 26500000 records...
[samclip] Processed 26600000 records...
[M::process] read 3200000 sequences (240000000 bp)...
[samclip] Processed 26700000 records...
[samclip] Processed 26800000 records...
[samclip] Processed 26900000 records...
[samclip] Processed 27000000 records...
[samclip] Processed 27100000 records...
[M::mem_pestat] # candidate unique pairs for (FF, FR, RF, RR): (0, 0, 0, 0)
[M::mem_pestat] skip orientation FF as there are not enough pairs
[M::mem_pestat] skip orientation FR as there are not enough pairs
[M::mem_pestat] skip orientation RF as there are not enough pairs
[M::mem_pestat] skip orientation RR as there are not enough pairs
[samclip] Processed 27200000 records...
[samclip] Processed 27300000 records...
[M::mem_process_seqs] Processed 3200000 reads in 100.436 CPU sec, 5.199 real sec
[samclip] Processed 27400000 records...
[samclip] Processed 27500000 records...
[samclip] Processed 27600000 records...
[samclip] Processed 27700000 records...
[samclip] Processed 27800000 records...
[samclip] Processed 27900000 records...
[samclip] Processed 28000000 records...
[samclip] Processed 28100000 records...
[samclip] Processed 28200000 records...
[samclip] Processed 28300000 records...
[samclip] Processed 28400000 records...
[samclip] Processed 28500000 records...
[samclip] Processed 28600000 records...
[samclip] Processed 28700000 records...
[samclip] Processed 28800000 records...
[samclip] Processed 28900000 records...
[samclip] Processed 29000000 records...
[samclip] Processed 29100000 records...
[samclip] Processed 29200000 records...
[samclip] Processed 29300000 records...
[samclip] Processed 29400000 records...
[samclip] Processed 29500000 records...
[M::process] read 2340562 sequences (175542125 bp)...
[samclip] Processed 29600000 records...
[samclip] Processed 29700000 records...
[samclip] Processed 29800000 records...
[M::mem_pestat] # candidate unique pairs for (FF, FR, RF, RR): (0, 0, 0, 0)
[M::mem_pestat] skip orientation FF as there are not enough pairs
[M::mem_pestat] skip orientation FR as there are not enough pairs
[M::mem_pestat] skip orientation RF as there are not enough pairs
[M::mem_pestat] skip orientation RR as there are not enough pairs
[samclip] Processed 29900000 records...
[samclip] Processed 30000000 records...
[M::mem_process_seqs] Processed 2340562 reads in 69.496 CPU sec, 3.476 real sec
[samclip] Processed 30100000 records...
[samclip] Processed 30200000 records...
[samclip] Processed 30300000 records...
[samclip] Processed 30400000 records...
[samclip] Processed 30500000 records...
[samclip] Processed 30600000 records...
[samclip] Processed 30700000 records...
[samclip] Processed 30800000 records...
[samclip] Processed 30900000 records...
[samclip] Processed 31000000 records...
[samclip] Processed 31100000 records...
[samclip] Processed 31200000 records...
[samclip] Processed 31300000 records...
[samclip] Processed 31400000 records...
[samclip] Processed 31500000 records...
[samclip] Processed 31600000 records...
[samclip] Processed 31700000 records...
[samclip] Processed 31800000 records...
[samclip] Processed 31900000 records...
[samclip] Processed 32000000 records...
[W::bseq_read] the 1st file has fewer sequences.
[samclip] Processed 32100000 records...
[samclip] Processed 32200000 records...
[samclip] Processed 32300000 records...
[samclip] Processed 32400000 records...
[samclip] Processed 32500000 records...
[samclip] Processed 32600000 records...
[samclip] Processed 32700000 records...
[samclip] Processed 32800000 records...
[samclip] Processed 32900000 records...
[samclip] Processed 33000000 records...
[samclip] Processed 33100000 records...
[samclip] Processed 33200000 records...
[samclip] Processed 33300000 records...
[samclip] Processed 33400000 records...
[samclip] Processed 33500000 records...
[samclip] Processed 33600000 records...
[samclip] Processed 33700000 records...
[samclip] Processed 33800000 records...
[samclip] Processed 33900000 records...
[samclip] Processed 34000000 records...
[samclip] Processed 34100000 records...
[samclip] Processed 34200000 records...
[samclip] Processed 34300000 records...
[W::bseq_read] the 1st file has fewer sequences.
[main] Version: 0.7.17-r1188
[main] CMD: bwa mem -Y -M -R[samclip] Total SAM records 34342070, removed 63332, allowed 61526, passed 34278738
 @RG\tID:crofts_14D2\tSM:crofts_14D2[samclip] Header contained 3 lines
 -t[samclip] Done.
 24 reference/ref.fa /scratch/users/karoraw1@jhu.edu/__CA__/CA_V3/data/01_QC_final/crofts_14D2-QUALITY_PASSED_R1.fastq /scratch/users/karoraw1@jhu.edu/__CA__/CA_V3/data/01_QC_final/crofts_14D2-QUALITY_PASSED_R2.fastq
[main] Real time: 155.363 sec; CPU: 1134.541 sec
[bam_sort_core] merging from 0 files and 15 in-memory blocks...
[bam_sort_core] merging from 0 files and 15 in-memory blocks...
[17:03:15] Running: samtools index crofts_14D2.bam 2>> crofts_14D2.log
[17:03:24] Running: fasta_generate_regions.py reference/ref.fa.fai 35390 > reference/ref.txt 2>> crofts_14D2.log
[17:03:24] Running: freebayes-parallel reference/ref.txt 24 -p 2 -P 0 -C 5 --min-repeat-entropy 1.5 --strict-vcf -q 13 -m 60 --min-coverage 5 -F 0.05  -f reference/ref.fa crofts_14D2.bam > crofts_14D2.raw.vcf 2>> crofts_14D2.log
[17:03:32] Running: bcftools view --include 'FMT/GT="1/1" && QUAL>=30 && FMT/DP>=5 && (FMT/AO)/(FMT/DP)>=0.01' crofts_14D2.raw.vcf  | vt normalize -r reference/ref.fa - | bcftools annotate --remove '^INFO/TYPE,^INFO/DP,^INFO/RO,^INFO/AO,^INFO/AB,^FORMAT/GT,^FORMAT/DP,^FORMAT/RO,^FORMAT/AO,^FORMAT/QR,^FORMAT/QA,^FORMAT/GL' > crofts_14D2.filt.vcf 2>> crofts_14D2.log
normalize v0.5

options:     input VCF file                                  -
         [o] output VCF file                                 -
         [w] sorting window size                             10000
         [n] no fail on reference inconsistency for non SNPs false
         [q] quiet                                           false
         [d] debug                                           false
         [r] reference FASTA file                            reference/ref.fa


stats: biallelic
          no. left trimmed                      : 1
          no. right trimmed                     : 1
          no. left and right trimmed            : 1
          no. right trimmed and left aligned    : 0
          no. left aligned                      : 0

       total no. biallelic normalized           : 3

       multiallelic
          no. left trimmed                      : 0
          no. right trimmed                     : 0
          no. left and right trimmed            : 0
          no. right trimmed and left aligned    : 0
          no. left aligned                      : 0

       total no. multiallelic normalized        : 0

       total no. variants normalized            : 3
       total no. variants observed              : 8
       total no. reference observed             : 0

Time elapsed: 0.00s

[17:03:33] Running: snpEff ann -noLog -noStats -no-downstream -no-upstream -no-utr -c reference/snpeff.config -dataDir . ref crofts_14D2.filt.vcf > crofts_14D2.vcf 2>> crofts_14D2.log
[17:03:33] Running: /scratch/users/karoraw1@jhu.edu/variant-calling/bin/SNIPPY_ENV/bin/snippy-vcf_to_tab --gff reference/ref.gff --ref reference/ref.fa --vcf crofts_14D2.vcf > crofts_14D2.tab 2>> crofts_14D2.log
[17:03:35] Running: /scratch/users/karoraw1@jhu.edu/variant-calling/bin/SNIPPY_ENV/bin/snippy-vcf_extract_subs crofts_14D2.filt.vcf > crofts_14D2.subs.vcf 2>> crofts_14D2.log
[17:03:35] Running: bcftools convert -Oz -o crofts_14D2.vcf.gz crofts_14D2.vcf 2>> crofts_14D2.log
[17:03:35] Running: bcftools index -f crofts_14D2.vcf.gz 2>> crofts_14D2.log
[17:03:35] Running: bcftools consensus -f reference/ref.fa -o crofts_14D2.consensus.fa crofts_14D2.vcf.gz 2>> crofts_14D2.log
[17:03:35] Running: bcftools convert -Oz -o crofts_14D2.subs.vcf.gz crofts_14D2.subs.vcf 2>> crofts_14D2.log
[17:03:35] Running: bcftools index -f crofts_14D2.subs.vcf.gz 2>> crofts_14D2.log
[17:03:35] Running: bcftools consensus -f reference/ref.fa -o crofts_14D2.consensus.subs.fa crofts_14D2.subs.vcf.gz 2>> crofts_14D2.log
[17:03:35] Running: rm -f crofts_14D2.subs.vcf.gz crofts_14D2.subs.vcf.gz.csi crofts_14D2.subs.vcf.gz.tbi 2>> crofts_14D2.log
[17:03:35] Generating reference aligned/masked FASTA relative to reference: crofts_14D2.aligned.fa
[17:03:47] Marked 1232 heterozygous sites with 'n'
[17:03:47] Creating extra output files: BED GFF CSV TXT HTML
[17:03:47] Identified 8 variants.
[17:03:47] Result folder: /home-3/karoraw1@jhu.edu/scratch/variant-calling/snipout/crofts_14D2
[17:03:47] Result files:
[17:03:47] * /home-3/karoraw1@jhu.edu/scratch/variant-calling/snipout/crofts_14D2/crofts_14D2.aligned.fa
[17:03:47] * /home-3/karoraw1@jhu.edu/scratch/variant-calling/snipout/crofts_14D2/crofts_14D2.bam
[17:03:47] * /home-3/karoraw1@jhu.edu/scratch/variant-calling/snipout/crofts_14D2/crofts_14D2.bam.bai
[17:03:47] * /home-3/karoraw1@jhu.edu/scratch/variant-calling/snipout/crofts_14D2/crofts_14D2.bed
[17:03:47] * /home-3/karoraw1@jhu.edu/scratch/variant-calling/snipout/crofts_14D2/crofts_14D2.consensus.fa
[17:03:47] * /home-3/karoraw1@jhu.edu/scratch/variant-calling/snipout/crofts_14D2/crofts_14D2.consensus.subs.fa
[17:03:47] * /home-3/karoraw1@jhu.edu/scratch/variant-calling/snipout/crofts_14D2/crofts_14D2.csv
[17:03:47] * /home-3/karoraw1@jhu.edu/scratch/variant-calling/snipout/crofts_14D2/crofts_14D2.filt.vcf
[17:03:47] * /home-3/karoraw1@jhu.edu/scratch/variant-calling/snipout/crofts_14D2/crofts_14D2.gff
[17:03:47] * /home-3/karoraw1@jhu.edu/scratch/variant-calling/snipout/crofts_14D2/crofts_14D2.html
[17:03:47] * /home-3/karoraw1@jhu.edu/scratch/variant-calling/snipout/crofts_14D2/crofts_14D2.log
[17:03:47] * /home-3/karoraw1@jhu.edu/scratch/variant-calling/snipout/crofts_14D2/crofts_14D2.raw.vcf
[17:03:47] * /home-3/karoraw1@jhu.edu/scratch/variant-calling/snipout/crofts_14D2/crofts_14D2.subs.vcf
[17:03:47] * /home-3/karoraw1@jhu.edu/scratch/variant-calling/snipout/crofts_14D2/crofts_14D2.tab
[17:03:47] * /home-3/karoraw1@jhu.edu/scratch/variant-calling/snipout/crofts_14D2/crofts_14D2.txt
[17:03:47] * /home-3/karoraw1@jhu.edu/scratch/variant-calling/snipout/crofts_14D2/crofts_14D2.vcf
[17:03:47] * /home-3/karoraw1@jhu.edu/scratch/variant-calling/snipout/crofts_14D2/crofts_14D2.vcf.gz
[17:03:47] * /home-3/karoraw1@jhu.edu/scratch/variant-calling/snipout/crofts_14D2/crofts_14D2.vcf.gz.csi
[17:03:47] Walltime used: 6 minutes, 18 seconds
[17:03:47] The Snippy manual is at https://github.com/tseemann/snippy/blob/master/README.md
[17:03:47] Done.
