[17:46:15] This is snippy 4.4.5
[17:46:15] Written by Torsten Seemann
[17:46:15] Obtained from https://github.com/tseemann/snippy
[17:46:15] Detected operating system: linux
[17:46:15] Enabling bundled linux tools.
[17:46:15] Found bwa - /scratch/users/karoraw1@jhu.edu/variant-calling/bin/SNIPPY_ENV/bin/bwa
[17:46:15] Found bcftools - /scratch/users/karoraw1@jhu.edu/variant-calling/bin/SNIPPY_ENV/bin/bcftools
[17:46:15] Found samtools - /scratch/users/karoraw1@jhu.edu/variant-calling/bin/SNIPPY_ENV/bin/samtools
[17:46:15] Found java - /scratch/users/karoraw1@jhu.edu/variant-calling/bin/SNIPPY_ENV/bin/java
[17:46:15] Found snpEff - /scratch/users/karoraw1@jhu.edu/variant-calling/bin/SNIPPY_ENV/bin/snpEff
[17:46:15] Found samclip - /scratch/users/karoraw1@jhu.edu/variant-calling/bin/SNIPPY_ENV/bin/samclip
[17:46:15] Found seqtk - /scratch/users/karoraw1@jhu.edu/variant-calling/bin/SNIPPY_ENV/bin/seqtk
[17:46:15] Found parallel - /scratch/users/karoraw1@jhu.edu/variant-calling/bin/SNIPPY_ENV/bin/parallel
[17:46:15] Found freebayes - /scratch/users/karoraw1@jhu.edu/variant-calling/bin/SNIPPY_ENV/bin/freebayes
[17:46:15] Found freebayes-parallel - /scratch/users/karoraw1@jhu.edu/variant-calling/bin/SNIPPY_ENV/bin/freebayes-parallel
[17:46:15] Found fasta_generate_regions.py - /scratch/users/karoraw1@jhu.edu/variant-calling/bin/SNIPPY_ENV/bin/fasta_generate_regions.py
[17:46:15] Found vcfstreamsort - /scratch/users/karoraw1@jhu.edu/variant-calling/bin/SNIPPY_ENV/bin/vcfstreamsort
[17:46:15] Found vcfuniq - /scratch/users/karoraw1@jhu.edu/variant-calling/bin/SNIPPY_ENV/bin/vcfuniq
[17:46:15] Found vcffirstheader - /scratch/users/karoraw1@jhu.edu/variant-calling/bin/SNIPPY_ENV/bin/vcffirstheader
[17:46:15] Found gzip - /software/centos7/bin/gzip
[17:46:15] Found vt - /scratch/users/karoraw1@jhu.edu/variant-calling/bin/SNIPPY_ENV/bin/vt
[17:46:15] Found snippy-vcf_to_tab - /scratch/users/karoraw1@jhu.edu/variant-calling/bin/SNIPPY_ENV/bin/snippy-vcf_to_tab
[17:46:15] Found snippy-vcf_report - /scratch/users/karoraw1@jhu.edu/variant-calling/bin/SNIPPY_ENV/bin/snippy-vcf_report
[17:46:15] Checking version: samtools --version is >= 1.7 - ok, have 1.9
[17:46:15] Checking version: bcftools --version is >= 1.7 - ok, have 1.9
[17:46:15] Checking version: freebayes --version is >= 1.1 - ok, have 1.3
[17:46:15] Checking version: java -version is >= 1.8 - ok, have 1.8
[17:46:15] Checking version: snpEff -version is >= 4.3 - ok, have 4.3
[17:46:15] Checking version: bwa is >= 7.12 - ok, have 7.17
[17:46:15] Using reference: /scratch/users/karoraw1@jhu.edu/variant-calling/refs/GCA_003368185.1_ASM336818v1_genomic.gbff
[17:46:15] Treating reference as 'genbank' format.
[17:46:15] Will use 24 CPU cores.
[17:46:15] Using read file: /scratch/users/karoraw1@jhu.edu/__CA__/CA_V3/data/01_QC_final/CAMPY87_S44-QUALITY_PASSED_R1.fastq
[17:46:15] Using read file: /scratch/users/karoraw1@jhu.edu/__CA__/CA_V3/data/01_QC_final/CAMPY87_S44-QUALITY_PASSED_R2.fastq
[17:46:15] Creating folder: /home-3/karoraw1@jhu.edu/scratch/variant-calling/snipout/CAMPY87_S44_ref
[17:46:15] Changing working directory: /home-3/karoraw1@jhu.edu/scratch/variant-calling/snipout/CAMPY87_S44_ref
[17:46:15] Creating reference folder: reference
[17:46:15] Extracting FASTA and GFF from reference.
[17:46:16] Wrote 1 sequences to ref.fa
[17:46:16] Wrote 1762 features to ref.gff
[17:46:16] Creating reference/snpeff.config
[17:46:16] Freebayes will process 47 chunks of 37803 bp, 24 chunks at a time.
[17:46:16] Using BAM RG (Read Group) ID: CAMPY87_S44_ref
[17:46:16] Running: samtools faidx reference/ref.fa 2>> CAMPY87_S44.log
[17:46:16] Running: bwa index reference/ref.fa 2>> CAMPY87_S44.log
[17:46:17] Running: mkdir -p reference/genomes && cp -f reference/ref.fa reference/genomes/ref.fa 2>> CAMPY87_S44.log
[17:46:17] Running: ln -sf reference/ref.fa . 2>> CAMPY87_S44.log
[17:46:17] Running: ln -sf reference/ref.fa.fai . 2>> CAMPY87_S44.log
[17:46:17] Running: mkdir -p reference/ref && gzip -c reference/ref.gff > reference/ref/genes.gff.gz 2>> CAMPY87_S44.log
[17:46:17] Running: snpEff build -c reference/snpeff.config -dataDir . -gff3 ref 2>> CAMPY87_S44.log
[17:46:20] Running: bwa mem  -Y -M -R '@RG\tID:CAMPY87_S44_ref\tSM:CAMPY87_S44_ref' -t 24 reference/ref.fa /scratch/users/karoraw1@jhu.edu/__CA__/CA_V3/data/01_QC_final/CAMPY87_S44-QUALITY_PASSED_R1.fastq /scratch/users/karoraw1@jhu.edu/__CA__/CA_V3/data/01_QC_final/CAMPY87_S44-QUALITY_PASSED_R2.fastq | samclip --max 10 --ref reference/ref.fa.fai | samtools sort -n -l 0 -T /scratch/users/karoraw1@jhu.edu/variant-calling/snipout/tmp_CAMPY87_S44 --threads 15 -m 2666M | samtools fixmate -m - - | samtools sort -l 0 -T /scratch/users/karoraw1@jhu.edu/variant-calling/snipout/tmp_CAMPY87_S44 --threads 15 -m 2666M | samtools markdup -T /scratch/users/karoraw1@jhu.edu/variant-calling/snipout/tmp_CAMPY87_S44 -r -s - - > CAMPY87_S44.bam 2>> CAMPY87_S44.log
[M::bwa_idx_load_from_disk] read 0 ALT contigs
[samclip] samclip 0.2 by Torsten Seemann (@torstenseemann)
[samclip] Loading: reference/ref.fa.fai
[samclip] Found 1 sequences in reference/ref.fa.fai
[M::process] read 223906 sequences (56499152 bp)...
[M::mem_pestat] # candidate unique pairs for (FF, FR, RF, RR): (19, 107704, 10, 14)
[M::mem_pestat] analyzing insert size distribution for orientation FF...
[M::mem_pestat] (25, 50, 75) percentile: (293, 591, 1162)
[M::mem_pestat] low and high boundaries for computing mean and std.dev: (1, 2900)
[M::mem_pestat] mean and std.dev: (687.44, 503.85)
[M::mem_pestat] low and high boundaries for proper pairs: (1, 3769)
[M::mem_pestat] analyzing insert size distribution for orientation FR...
[M::mem_pestat] (25, 50, 75) percentile: (202, 285, 373)
[M::mem_pestat] low and high boundaries for computing mean and std.dev: (1, 715)
[M::mem_pestat] mean and std.dev: (292.69, 126.96)
[M::mem_pestat] low and high boundaries for proper pairs: (1, 886)
[M::mem_pestat] analyzing insert size distribution for orientation RF...
[M::mem_pestat] (25, 50, 75) percentile: (601, 2755, 2786)
[M::mem_pestat] low and high boundaries for computing mean and std.dev: (1, 7156)
[M::mem_pestat] mean and std.dev: (2496.80, 1799.59)
[M::mem_pestat] low and high boundaries for proper pairs: (1, 9695)
[M::mem_pestat] analyzing insert size distribution for orientation RR...
[M::mem_pestat] (25, 50, 75) percentile: (260, 416, 777)
[M::mem_pestat] low and high boundaries for computing mean and std.dev: (1, 1811)
[M::mem_pestat] mean and std.dev: (436.69, 222.57)
[M::mem_pestat] low and high boundaries for proper pairs: (1, 2328)
[M::mem_pestat] skip orientation FF
[M::mem_pestat] skip orientation RF
[M::mem_pestat] skip orientation RR
[M::mem_process_seqs] Processed 223906 reads in 41.640 CPU sec, 2.181 real sec
[samclip] Processed 100000 records...
[samclip] Processed 200000 records...
[main] Version: 0.7.17-r1188
[main] CMD: bwa[samclip] Total SAM records 224559, removed 55205, allowed 14094, passed 169354
 mem[samclip] Header contained 3 lines
 -Y[samclip] Done.
 -M -R @RG\tID:CAMPY87_S44_ref\tSM:CAMPY87_S44_ref -t 24 reference/ref.fa /scratch/users/karoraw1@jhu.edu/__CA__/CA_V3/data/01_QC_final/CAMPY87_S44-QUALITY_PASSED_R1.fastq /scratch/users/karoraw1@jhu.edu/__CA__/CA_V3/data/01_QC_final/CAMPY87_S44-QUALITY_PASSED_R2.fastq
[main] Real time: 4.413 sec; CPU: 42.528 sec
[bam_sort_core] merging from 0 files and 15 in-memory blocks...
[bam_sort_core] merging from 0 files and 15 in-memory blocks...
[17:46:28] Running: samtools index CAMPY87_S44.bam 2>> CAMPY87_S44.log
[17:46:29] Running: fasta_generate_regions.py reference/ref.fa.fai 37803 > reference/ref.txt 2>> CAMPY87_S44.log
[17:46:29] Running: freebayes-parallel reference/ref.txt 24 -p 2 -P 0 -C 10 --min-repeat-entropy 1.5 --strict-vcf -q 13 -m 60 --min-coverage 10 -F 0.05  -f reference/ref.fa CAMPY87_S44.bam > CAMPY87_S44.raw.vcf 2>> CAMPY87_S44.log
[17:46:31] Running: bcftools view --include 'FMT/GT="1/1" && QUAL>=30 && FMT/DP>=10 && (FMT/AO)/(FMT/DP)>=0.01' CAMPY87_S44.raw.vcf  | vt normalize -r reference/ref.fa - | bcftools annotate --remove '^INFO/TYPE,^INFO/DP,^INFO/RO,^INFO/AO,^INFO/AB,^FORMAT/GT,^FORMAT/DP,^FORMAT/RO,^FORMAT/AO,^FORMAT/QR,^FORMAT/QA,^FORMAT/GL' > CAMPY87_S44.filt.vcf 2>> CAMPY87_S44.log
normalize v0.5

options:     input VCF file                                  -
         [o] output VCF file                                 -
         [w] sorting window size                             10000
         [n] no fail on reference inconsistency for non SNPs false
         [q] quiet                                           false
         [d] debug                                           false
         [r] reference FASTA file                            reference/ref.fa


stats: biallelic
          no. left trimmed                      : 10
          no. right trimmed                     : 63
          no. left and right trimmed            : 9
          no. right trimmed and left aligned    : 0
          no. left aligned                      : 0

       total no. biallelic normalized           : 82

       multiallelic
          no. left trimmed                      : 0
          no. right trimmed                     : 0
          no. left and right trimmed            : 0
          no. right trimmed and left aligned    : 0
          no. left aligned                      : 0

       total no. multiallelic normalized        : 0

       total no. variants normalized            : 82
       total no. variants observed              : 4195
       total no. reference observed             : 0

Time elapsed: 0.08s

[17:46:31] Running: snpEff ann -noLog -noStats -no-downstream -no-upstream -no-utr -c reference/snpeff.config -dataDir . ref CAMPY87_S44.filt.vcf > CAMPY87_S44.vcf 2>> CAMPY87_S44.log
[17:46:33] Running: /scratch/users/karoraw1@jhu.edu/variant-calling/bin/SNIPPY_ENV/bin/snippy-vcf_to_tab --gff reference/ref.gff --ref reference/ref.fa --vcf CAMPY87_S44.vcf > CAMPY87_S44.tab 2>> CAMPY87_S44.log
[17:46:34] Running: /scratch/users/karoraw1@jhu.edu/variant-calling/bin/SNIPPY_ENV/bin/snippy-vcf_extract_subs CAMPY87_S44.filt.vcf > CAMPY87_S44.subs.vcf 2>> CAMPY87_S44.log
[17:46:34] Running: bcftools convert -Oz -o CAMPY87_S44.vcf.gz CAMPY87_S44.vcf 2>> CAMPY87_S44.log
[17:46:34] Running: bcftools index -f CAMPY87_S44.vcf.gz 2>> CAMPY87_S44.log
[17:46:34] Running: bcftools consensus -f reference/ref.fa -o CAMPY87_S44.consensus.fa CAMPY87_S44.vcf.gz 2>> CAMPY87_S44.log
[17:46:35] Running: bcftools convert -Oz -o CAMPY87_S44.subs.vcf.gz CAMPY87_S44.subs.vcf 2>> CAMPY87_S44.log
[17:46:35] Running: bcftools index -f CAMPY87_S44.subs.vcf.gz 2>> CAMPY87_S44.log
[17:46:35] Running: bcftools consensus -f reference/ref.fa -o CAMPY87_S44.consensus.subs.fa CAMPY87_S44.subs.vcf.gz 2>> CAMPY87_S44.log
[17:46:35] Running: rm -f CAMPY87_S44.subs.vcf.gz CAMPY87_S44.subs.vcf.gz.csi CAMPY87_S44.subs.vcf.gz.tbi 2>> CAMPY87_S44.log
[17:46:35] Generating reference aligned/masked FASTA relative to reference: CAMPY87_S44.aligned.fa
[17:46:37] Marked 38 heterozygous sites with 'n'
[17:46:37] Creating extra output files: BED GFF CSV TXT HTML
[17:46:37] Identified 4195 variants.
[17:46:37] Result folder: /home-3/karoraw1@jhu.edu/scratch/variant-calling/snipout/CAMPY87_S44_ref
[17:46:37] Result files:
[17:46:37] * /home-3/karoraw1@jhu.edu/scratch/variant-calling/snipout/CAMPY87_S44_ref/CAMPY87_S44.aligned.fa
[17:46:37] * /home-3/karoraw1@jhu.edu/scratch/variant-calling/snipout/CAMPY87_S44_ref/CAMPY87_S44.bam
[17:46:37] * /home-3/karoraw1@jhu.edu/scratch/variant-calling/snipout/CAMPY87_S44_ref/CAMPY87_S44.bam.bai
[17:46:37] * /home-3/karoraw1@jhu.edu/scratch/variant-calling/snipout/CAMPY87_S44_ref/CAMPY87_S44.bed
[17:46:37] * /home-3/karoraw1@jhu.edu/scratch/variant-calling/snipout/CAMPY87_S44_ref/CAMPY87_S44.consensus.fa
[17:46:37] * /home-3/karoraw1@jhu.edu/scratch/variant-calling/snipout/CAMPY87_S44_ref/CAMPY87_S44.consensus.subs.fa
[17:46:37] * /home-3/karoraw1@jhu.edu/scratch/variant-calling/snipout/CAMPY87_S44_ref/CAMPY87_S44.csv
[17:46:37] * /home-3/karoraw1@jhu.edu/scratch/variant-calling/snipout/CAMPY87_S44_ref/CAMPY87_S44.filt.vcf
[17:46:37] * /home-3/karoraw1@jhu.edu/scratch/variant-calling/snipout/CAMPY87_S44_ref/CAMPY87_S44.gff
[17:46:37] * /home-3/karoraw1@jhu.edu/scratch/variant-calling/snipout/CAMPY87_S44_ref/CAMPY87_S44.html
[17:46:37] * /home-3/karoraw1@jhu.edu/scratch/variant-calling/snipout/CAMPY87_S44_ref/CAMPY87_S44.log
[17:46:37] * /home-3/karoraw1@jhu.edu/scratch/variant-calling/snipout/CAMPY87_S44_ref/CAMPY87_S44.raw.vcf
[17:46:37] * /home-3/karoraw1@jhu.edu/scratch/variant-calling/snipout/CAMPY87_S44_ref/CAMPY87_S44.subs.vcf
[17:46:37] * /home-3/karoraw1@jhu.edu/scratch/variant-calling/snipout/CAMPY87_S44_ref/CAMPY87_S44.tab
[17:46:37] * /home-3/karoraw1@jhu.edu/scratch/variant-calling/snipout/CAMPY87_S44_ref/CAMPY87_S44.txt
[17:46:37] * /home-3/karoraw1@jhu.edu/scratch/variant-calling/snipout/CAMPY87_S44_ref/CAMPY87_S44.vcf
[17:46:37] * /home-3/karoraw1@jhu.edu/scratch/variant-calling/snipout/CAMPY87_S44_ref/CAMPY87_S44.vcf.gz
[17:46:37] * /home-3/karoraw1@jhu.edu/scratch/variant-calling/snipout/CAMPY87_S44_ref/CAMPY87_S44.vcf.gz.csi
[17:46:37] Walltime used: 22 seconds
[17:46:37] May the SNPs be with you.
[17:46:37] Done.
