[17:46:15] This is snippy 4.4.5
[17:46:15] Written by Torsten Seemann
[17:46:15] Obtained from https://github.com/tseemann/snippy
[17:46:15] Detected operating system: linux
[17:46:15] Enabling bundled linux tools.
[17:46:15] Found bwa - /scratch/users/karoraw1@jhu.edu/variant-calling/bin/SNIPPY_ENV/bin/bwa
[17:46:15] Found bcftools - /scratch/users/karoraw1@jhu.edu/variant-calling/bin/SNIPPY_ENV/bin/bcftools
[17:46:15] Found samtools - /scratch/users/karoraw1@jhu.edu/variant-calling/bin/SNIPPY_ENV/bin/samtools
[17:46:15] Found java - /scratch/users/karoraw1@jhu.edu/variant-calling/bin/SNIPPY_ENV/bin/java
[17:46:15] Found snpEff - /scratch/users/karoraw1@jhu.edu/variant-calling/bin/SNIPPY_ENV/bin/snpEff
[17:46:15] Found samclip - /scratch/users/karoraw1@jhu.edu/variant-calling/bin/SNIPPY_ENV/bin/samclip
[17:46:15] Found seqtk - /scratch/users/karoraw1@jhu.edu/variant-calling/bin/SNIPPY_ENV/bin/seqtk
[17:46:15] Found parallel - /scratch/users/karoraw1@jhu.edu/variant-calling/bin/SNIPPY_ENV/bin/parallel
[17:46:15] Found freebayes - /scratch/users/karoraw1@jhu.edu/variant-calling/bin/SNIPPY_ENV/bin/freebayes
[17:46:15] Found freebayes-parallel - /scratch/users/karoraw1@jhu.edu/variant-calling/bin/SNIPPY_ENV/bin/freebayes-parallel
[17:46:15] Found fasta_generate_regions.py - /scratch/users/karoraw1@jhu.edu/variant-calling/bin/SNIPPY_ENV/bin/fasta_generate_regions.py
[17:46:15] Found vcfstreamsort - /scratch/users/karoraw1@jhu.edu/variant-calling/bin/SNIPPY_ENV/bin/vcfstreamsort
[17:46:15] Found vcfuniq - /scratch/users/karoraw1@jhu.edu/variant-calling/bin/SNIPPY_ENV/bin/vcfuniq
[17:46:15] Found vcffirstheader - /scratch/users/karoraw1@jhu.edu/variant-calling/bin/SNIPPY_ENV/bin/vcffirstheader
[17:46:15] Found gzip - /software/centos7/bin/gzip
[17:46:15] Found vt - /scratch/users/karoraw1@jhu.edu/variant-calling/bin/SNIPPY_ENV/bin/vt
[17:46:15] Found snippy-vcf_to_tab - /scratch/users/karoraw1@jhu.edu/variant-calling/bin/SNIPPY_ENV/bin/snippy-vcf_to_tab
[17:46:15] Found snippy-vcf_report - /scratch/users/karoraw1@jhu.edu/variant-calling/bin/SNIPPY_ENV/bin/snippy-vcf_report
[17:46:15] Checking version: samtools --version is >= 1.7 - ok, have 1.9
[17:46:15] Checking version: bcftools --version is >= 1.7 - ok, have 1.9
[17:46:16] Checking version: freebayes --version is >= 1.1 - ok, have 1.3
[17:46:16] Checking version: java -version is >= 1.8 - ok, have 1.8
[17:46:17] Checking version: snpEff -version is >= 4.3 - ok, have 4.3
[17:46:17] Checking version: bwa is >= 7.12 - ok, have 7.17
[17:46:17] Using reference: /scratch/users/karoraw1@jhu.edu/variant-calling/refs/GCA_001865515.1_ASM186551v1_genomic.gbff
[17:46:17] Treating reference as 'genbank' format.
[17:46:17] Will use 24 CPU cores.
[17:46:17] Using read file: /scratch/users/karoraw1@jhu.edu/__CA__/CA_V3/data/01_QC_final/CAMPY28-QUALITY_PASSED_R1.fastq
[17:46:17] Using read file: /scratch/users/karoraw1@jhu.edu/__CA__/CA_V3/data/01_QC_final/CAMPY28-QUALITY_PASSED_R2.fastq
[17:46:17] Creating folder: /home-3/karoraw1@jhu.edu/scratch/variant-calling/snipout/CAMPY28_ref
[17:46:17] Changing working directory: /home-3/karoraw1@jhu.edu/scratch/variant-calling/snipout/CAMPY28_ref
[17:46:17] Creating reference folder: reference
[17:46:17] Extracting FASTA and GFF from reference.
[17:46:19] Wrote 2 sequences to ref.fa
[17:46:19] Wrote 1966 features to ref.gff
[17:46:19] Creating reference/snpeff.config
[17:46:19] Freebayes will process 47 chunks of 40380 bp, 24 chunks at a time.
[17:46:19] Using BAM RG (Read Group) ID: CAMPY28_ref
[17:46:19] Running: samtools faidx reference/ref.fa 2>> CAMPY28.log
[17:46:19] Running: bwa index reference/ref.fa 2>> CAMPY28.log
[17:46:19] Running: mkdir -p reference/genomes && cp -f reference/ref.fa reference/genomes/ref.fa 2>> CAMPY28.log
[17:46:19] Running: ln -sf reference/ref.fa . 2>> CAMPY28.log
[17:46:19] Running: ln -sf reference/ref.fa.fai . 2>> CAMPY28.log
[17:46:20] Running: mkdir -p reference/ref && gzip -c reference/ref.gff > reference/ref/genes.gff.gz 2>> CAMPY28.log
[17:46:20] Running: snpEff build -c reference/snpeff.config -dataDir . -gff3 ref 2>> CAMPY28.log
[17:46:23] Running: bwa mem  -Y -M -R '@RG\tID:CAMPY28_ref\tSM:CAMPY28_ref' -t 24 reference/ref.fa /scratch/users/karoraw1@jhu.edu/__CA__/CA_V3/data/01_QC_final/CAMPY28-QUALITY_PASSED_R1.fastq /scratch/users/karoraw1@jhu.edu/__CA__/CA_V3/data/01_QC_final/CAMPY28-QUALITY_PASSED_R2.fastq | samclip --max 10 --ref reference/ref.fa.fai | samtools sort -n -l 0 -T /scratch/users/karoraw1@jhu.edu/variant-calling/snipout/tmp_CAMPY28 --threads 15 -m 2666M | samtools fixmate -m - - | samtools sort -l 0 -T /scratch/users/karoraw1@jhu.edu/variant-calling/snipout/tmp_CAMPY28 --threads 15 -m 2666M | samtools markdup -T /scratch/users/karoraw1@jhu.edu/variant-calling/snipout/tmp_CAMPY28 -r -s - - > CAMPY28.bam 2>> CAMPY28.log
[samclip] samclip 0.2 by Torsten Seemann (@torstenseemann)
[samclip] Loading: reference/ref.fa.fai
[samclip] Found 2 sequences in reference/ref.fa.fai
[M::bwa_idx_load_from_disk] read 0 ALT contigs
[M::process] read 543882 sequences (124603034 bp)...
[M::mem_pestat] # candidate unique pairs for (FF, FR, RF, RR): (9, 219351, 10, 13)
[M::mem_pestat] skip orientation FF as there are not enough pairs
[M::mem_pestat] analyzing insert size distribution for orientation FR...
[M::mem_pestat] (25, 50, 75) percentile: (169, 231, 304)
[M::mem_pestat] low and high boundaries for computing mean and std.dev: (1, 574)
[M::mem_pestat] mean and std.dev: (240.34, 102.20)
[M::mem_pestat] low and high boundaries for proper pairs: (1, 709)
[M::mem_pestat] analyzing insert size distribution for orientation RF...
[M::mem_pestat] (25, 50, 75) percentile: (839, 3172, 3307)
[M::mem_pestat] low and high boundaries for computing mean and std.dev: (1, 8243)
[M::mem_pestat] mean and std.dev: (2940.10, 2091.25)
[M::mem_pestat] low and high boundaries for proper pairs: (1, 11305)
[M::mem_pestat] analyzing insert size distribution for orientation RR...
[M::mem_pestat] (25, 50, 75) percentile: (555, 882, 1283)
[M::mem_pestat] low and high boundaries for computing mean and std.dev: (1, 2739)
[M::mem_pestat] mean and std.dev: (877.92, 473.13)
[M::mem_pestat] low and high boundaries for proper pairs: (1, 3467)
[M::mem_pestat] skip orientation RF
[M::mem_pestat] skip orientation RR
[M::mem_process_seqs] Processed 543882 reads in 87.813 CPU sec, 4.481 real sec
[samclip] Processed 100000 records...
[samclip] Processed 200000 records...
[samclip] Processed 300000 records...
[samclip] Processed 400000 records...
[samclip] Processed 500000 records...
[main] Version: 0.7.17-r1188
[samclip] Total SAM records 545526, removed 90907, allowed 23891, passed 454619
[main] CMD:[samclip] Header contained 4 lines
 bwa[samclip] Done.
 mem -Y -M -R @RG\tID:CAMPY28_ref\tSM:CAMPY28_ref -t 24 reference/ref.fa /scratch/users/karoraw1@jhu.edu/__CA__/CA_V3/data/01_QC_final/CAMPY28-QUALITY_PASSED_R1.fastq /scratch/users/karoraw1@jhu.edu/__CA__/CA_V3/data/01_QC_final/CAMPY28-QUALITY_PASSED_R2.fastq
[main] Real time: 8.969 sec; CPU: 89.831 sec
[bam_sort_core] merging from 0 files and 15 in-memory blocks...
[bam_sort_core] merging from 0 files and 15 in-memory blocks...
[17:46:41] Running: samtools index CAMPY28.bam 2>> CAMPY28.log
[17:46:41] Running: fasta_generate_regions.py reference/ref.fa.fai 40380 > reference/ref.txt 2>> CAMPY28.log
[17:46:41] Running: freebayes-parallel reference/ref.txt 24 -p 2 -P 0 -C 10 --min-repeat-entropy 1.5 --strict-vcf -q 13 -m 60 --min-coverage 10 -F 0.05  -f reference/ref.fa CAMPY28.bam > CAMPY28.raw.vcf 2>> CAMPY28.log
[17:46:45] Running: bcftools view --include 'FMT/GT="1/1" && QUAL>=30 && FMT/DP>=10 && (FMT/AO)/(FMT/DP)>=0.01' CAMPY28.raw.vcf  | vt normalize -r reference/ref.fa - | bcftools annotate --remove '^INFO/TYPE,^INFO/DP,^INFO/RO,^INFO/AO,^INFO/AB,^FORMAT/GT,^FORMAT/DP,^FORMAT/RO,^FORMAT/AO,^FORMAT/QR,^FORMAT/QA,^FORMAT/GL' > CAMPY28.filt.vcf 2>> CAMPY28.log
normalize v0.5

options:     input VCF file                                  -
         [o] output VCF file                                 -
         [w] sorting window size                             10000
         [n] no fail on reference inconsistency for non SNPs false
         [q] quiet                                           false
         [d] debug                                           false
         [r] reference FASTA file                            reference/ref.fa


stats: biallelic
          no. left trimmed                      : 23
          no. right trimmed                     : 92
          no. left and right trimmed            : 10
          no. right trimmed and left aligned    : 0
          no. left aligned                      : 0

       total no. biallelic normalized           : 125

       multiallelic
          no. left trimmed                      : 0
          no. right trimmed                     : 0
          no. left and right trimmed            : 0
          no. right trimmed and left aligned    : 0
          no. left aligned                      : 0

       total no. multiallelic normalized        : 0

       total no. variants normalized            : 125
       total no. variants observed              : 7154
       total no. reference observed             : 0

Time elapsed: 0.15s

[17:46:45] Running: snpEff ann -noLog -noStats -no-downstream -no-upstream -no-utr -c reference/snpeff.config -dataDir . ref CAMPY28.filt.vcf > CAMPY28.vcf 2>> CAMPY28.log
[17:46:48] Running: /scratch/users/karoraw1@jhu.edu/variant-calling/bin/SNIPPY_ENV/bin/snippy-vcf_to_tab --gff reference/ref.gff --ref reference/ref.fa --vcf CAMPY28.vcf > CAMPY28.tab 2>> CAMPY28.log
[17:46:50] Running: /scratch/users/karoraw1@jhu.edu/variant-calling/bin/SNIPPY_ENV/bin/snippy-vcf_extract_subs CAMPY28.filt.vcf > CAMPY28.subs.vcf 2>> CAMPY28.log
[17:46:51] Running: bcftools convert -Oz -o CAMPY28.vcf.gz CAMPY28.vcf 2>> CAMPY28.log
[17:46:51] Running: bcftools index -f CAMPY28.vcf.gz 2>> CAMPY28.log
[17:46:51] Running: bcftools consensus -f reference/ref.fa -o CAMPY28.consensus.fa CAMPY28.vcf.gz 2>> CAMPY28.log
[17:46:51] Running: bcftools convert -Oz -o CAMPY28.subs.vcf.gz CAMPY28.subs.vcf 2>> CAMPY28.log
[17:46:51] Running: bcftools index -f CAMPY28.subs.vcf.gz 2>> CAMPY28.log
[17:46:51] Running: bcftools consensus -f reference/ref.fa -o CAMPY28.consensus.subs.fa CAMPY28.subs.vcf.gz 2>> CAMPY28.log
[17:46:51] Running: rm -f CAMPY28.subs.vcf.gz CAMPY28.subs.vcf.gz.csi CAMPY28.subs.vcf.gz.tbi 2>> CAMPY28.log
[17:46:51] Generating reference aligned/masked FASTA relative to reference: CAMPY28.aligned.fa
[17:46:55] Marked 215 heterozygous sites with 'n'
[17:46:55] Creating extra output files: BED GFF CSV TXT HTML
[17:46:56] Identified 7154 variants.
[17:46:56] Result folder: /home-3/karoraw1@jhu.edu/scratch/variant-calling/snipout/CAMPY28_ref
[17:46:56] Result files:
[17:46:56] * /home-3/karoraw1@jhu.edu/scratch/variant-calling/snipout/CAMPY28_ref/CAMPY28.aligned.fa
[17:46:56] * /home-3/karoraw1@jhu.edu/scratch/variant-calling/snipout/CAMPY28_ref/CAMPY28.bam
[17:46:56] * /home-3/karoraw1@jhu.edu/scratch/variant-calling/snipout/CAMPY28_ref/CAMPY28.bam.bai
[17:46:56] * /home-3/karoraw1@jhu.edu/scratch/variant-calling/snipout/CAMPY28_ref/CAMPY28.bed
[17:46:56] * /home-3/karoraw1@jhu.edu/scratch/variant-calling/snipout/CAMPY28_ref/CAMPY28.consensus.fa
[17:46:56] * /home-3/karoraw1@jhu.edu/scratch/variant-calling/snipout/CAMPY28_ref/CAMPY28.consensus.subs.fa
[17:46:56] * /home-3/karoraw1@jhu.edu/scratch/variant-calling/snipout/CAMPY28_ref/CAMPY28.csv
[17:46:56] * /home-3/karoraw1@jhu.edu/scratch/variant-calling/snipout/CAMPY28_ref/CAMPY28.filt.vcf
[17:46:56] * /home-3/karoraw1@jhu.edu/scratch/variant-calling/snipout/CAMPY28_ref/CAMPY28.gff
[17:46:56] * /home-3/karoraw1@jhu.edu/scratch/variant-calling/snipout/CAMPY28_ref/CAMPY28.html
[17:46:56] * /home-3/karoraw1@jhu.edu/scratch/variant-calling/snipout/CAMPY28_ref/CAMPY28.log
[17:46:56] * /home-3/karoraw1@jhu.edu/scratch/variant-calling/snipout/CAMPY28_ref/CAMPY28.raw.vcf
[17:46:56] * /home-3/karoraw1@jhu.edu/scratch/variant-calling/snipout/CAMPY28_ref/CAMPY28.subs.vcf
[17:46:56] * /home-3/karoraw1@jhu.edu/scratch/variant-calling/snipout/CAMPY28_ref/CAMPY28.tab
[17:46:56] * /home-3/karoraw1@jhu.edu/scratch/variant-calling/snipout/CAMPY28_ref/CAMPY28.txt
[17:46:56] * /home-3/karoraw1@jhu.edu/scratch/variant-calling/snipout/CAMPY28_ref/CAMPY28.vcf
[17:46:56] * /home-3/karoraw1@jhu.edu/scratch/variant-calling/snipout/CAMPY28_ref/CAMPY28.vcf.gz
[17:46:56] * /home-3/karoraw1@jhu.edu/scratch/variant-calling/snipout/CAMPY28_ref/CAMPY28.vcf.gz.csi
[17:46:56] Walltime used: 41 seconds
[17:46:56] Have a suggestion? Tell me at https://github.com/tseemann/snippy/issues
[17:46:56] Done.
