[16:53:09] This is snippy 4.4.5
[16:53:09] Written by Torsten Seemann
[16:53:09] Obtained from https://github.com/tseemann/snippy
[16:53:09] Detected operating system: linux
[16:53:09] Enabling bundled linux tools.
[16:53:09] Found bwa - /scratch/users/karoraw1@jhu.edu/variant-calling/bin/SNIPPY_ENV/bin/bwa
[16:53:09] Found bcftools - /scratch/users/karoraw1@jhu.edu/variant-calling/bin/SNIPPY_ENV/bin/bcftools
[16:53:09] Found samtools - /scratch/users/karoraw1@jhu.edu/variant-calling/bin/SNIPPY_ENV/bin/samtools
[16:53:09] Found java - /scratch/users/karoraw1@jhu.edu/variant-calling/bin/SNIPPY_ENV/bin/java
[16:53:09] Found snpEff - /scratch/users/karoraw1@jhu.edu/variant-calling/bin/SNIPPY_ENV/bin/snpEff
[16:53:09] Found samclip - /scratch/users/karoraw1@jhu.edu/variant-calling/bin/SNIPPY_ENV/bin/samclip
[16:53:09] Found seqtk - /scratch/users/karoraw1@jhu.edu/variant-calling/bin/SNIPPY_ENV/bin/seqtk
[16:53:09] Found parallel - /scratch/users/karoraw1@jhu.edu/variant-calling/bin/SNIPPY_ENV/bin/parallel
[16:53:09] Found freebayes - /scratch/users/karoraw1@jhu.edu/variant-calling/bin/SNIPPY_ENV/bin/freebayes
[16:53:09] Found freebayes-parallel - /scratch/users/karoraw1@jhu.edu/variant-calling/bin/SNIPPY_ENV/bin/freebayes-parallel
[16:53:09] Found fasta_generate_regions.py - /scratch/users/karoraw1@jhu.edu/variant-calling/bin/SNIPPY_ENV/bin/fasta_generate_regions.py
[16:53:09] Found vcfstreamsort - /scratch/users/karoraw1@jhu.edu/variant-calling/bin/SNIPPY_ENV/bin/vcfstreamsort
[16:53:09] Found vcfuniq - /scratch/users/karoraw1@jhu.edu/variant-calling/bin/SNIPPY_ENV/bin/vcfuniq
[16:53:09] Found vcffirstheader - /scratch/users/karoraw1@jhu.edu/variant-calling/bin/SNIPPY_ENV/bin/vcffirstheader
[16:53:09] Found gzip - /software/centos7/bin/gzip
[16:53:09] Found vt - /scratch/users/karoraw1@jhu.edu/variant-calling/bin/SNIPPY_ENV/bin/vt
[16:53:09] Found snippy-vcf_to_tab - /scratch/users/karoraw1@jhu.edu/variant-calling/bin/SNIPPY_ENV/bin/snippy-vcf_to_tab
[16:53:09] Found snippy-vcf_report - /scratch/users/karoraw1@jhu.edu/variant-calling/bin/SNIPPY_ENV/bin/snippy-vcf_report
[16:53:10] Checking version: samtools --version is >= 1.7 - ok, have 1.9
[16:53:10] Checking version: bcftools --version is >= 1.7 - ok, have 1.9
[16:53:10] Checking version: freebayes --version is >= 1.1 - ok, have 1.3
[16:53:10] Checking version: java -version is >= 1.8 - ok, have 1.8
[16:53:10] Checking version: snpEff -version is >= 4.3 - ok, have 4.3
[16:53:10] Checking version: bwa is >= 7.12 - ok, have 7.17
[16:53:10] Using reference: /scratch/users/karoraw1@jhu.edu/variant-calling/refs/GCA_000171795.2_ASM17179v2_genomic.gbff
[16:53:10] Treating reference as 'genbank' format.
[16:53:10] Will use 24 CPU cores.
[16:53:10] Using read file: /scratch/users/karoraw1@jhu.edu/__CA__/CA_V3/data/01_QC_final/pCAMPY22-QUALITY_PASSED_R1.fastq
[16:53:10] Using read file: /scratch/users/karoraw1@jhu.edu/__CA__/CA_V3/data/01_QC_final/pCAMPY22-QUALITY_PASSED_R2.fastq
[16:53:10] Creating folder: /home-3/karoraw1@jhu.edu/scratch/variant-calling/snipout/pCAMPY22
[16:53:10] Changing working directory: /home-3/karoraw1@jhu.edu/scratch/variant-calling/snipout/pCAMPY22
[16:53:10] Creating reference folder: reference
[16:53:10] Extracting FASTA and GFF from reference.
[16:53:11] Wrote 1 sequences to ref.fa
[16:53:11] Wrote 1687 features to ref.gff
[16:53:11] Creating reference/snpeff.config
[16:53:11] Freebayes will process 47 chunks of 35390 bp, 24 chunks at a time.
[16:53:11] Using BAM RG (Read Group) ID: pCAMPY22
[16:53:11] Running: samtools faidx reference/ref.fa 2>> pCAMPY22.log
[16:53:11] Running: bwa index reference/ref.fa 2>> pCAMPY22.log
[16:53:12] Running: mkdir -p reference/genomes && cp -f reference/ref.fa reference/genomes/ref.fa 2>> pCAMPY22.log
[16:53:12] Running: ln -sf reference/ref.fa . 2>> pCAMPY22.log
[16:53:12] Running: ln -sf reference/ref.fa.fai . 2>> pCAMPY22.log
[16:53:12] Running: mkdir -p reference/ref && gzip -c reference/ref.gff > reference/ref/genes.gff.gz 2>> pCAMPY22.log
[16:53:12] Running: snpEff build -c reference/snpeff.config -dataDir . -gff3 ref 2>> pCAMPY22.log
[16:53:16] Running: bwa mem  -Y -M -R '@RG\tID:pCAMPY22\tSM:pCAMPY22' -t 24 reference/ref.fa /scratch/users/karoraw1@jhu.edu/__CA__/CA_V3/data/01_QC_final/pCAMPY22-QUALITY_PASSED_R1.fastq /scratch/users/karoraw1@jhu.edu/__CA__/CA_V3/data/01_QC_final/pCAMPY22-QUALITY_PASSED_R2.fastq | samclip --max 10 --ref reference/ref.fa.fai | samtools sort -n -l 0 -T /scratch/users/karoraw1@jhu.edu/variant-calling/snipout/tmp_pCAMPY22 --threads 15 -m 2666M | samtools fixmate -m - - | samtools sort -l 0 -T /scratch/users/karoraw1@jhu.edu/variant-calling/snipout/tmp_pCAMPY22 --threads 15 -m 2666M | samtools markdup -T /scratch/users/karoraw1@jhu.edu/variant-calling/snipout/tmp_pCAMPY22 -r -s - - > pCAMPY22.bam 2>> pCAMPY22.log
[M::bwa_idx_load_from_disk] read 0 ALT contigs
[samclip] samclip 0.2 by Torsten Seemann (@torstenseemann)
[samclip] Loading: reference/ref.fa.fai
[samclip] Found 1 sequences in reference/ref.fa.fai
[M::process] read 316734 sequences (49285863 bp)...
[M::mem_pestat] # candidate unique pairs for (FF, FR, RF, RR): (5, 138639, 2, 4)
[M::mem_pestat] skip orientation FF as there are not enough pairs
[M::mem_pestat] analyzing insert size distribution for orientation FR...
[M::mem_pestat] (25, 50, 75) percentile: (101, 144, 191)
[M::mem_pestat] low and high boundaries for computing mean and std.dev: (1, 371)
[M::mem_pestat] mean and std.dev: (148.49, 63.72)
[M::mem_pestat] low and high boundaries for proper pairs: (1, 461)
[M::mem_pestat] skip orientation RF as there are not enough pairs
[M::mem_pestat] skip orientation RR as there are not enough pairs
[M::mem_process_seqs] Processed 316734 reads in 37.713 CPU sec, 1.827 real sec
[samclip] Processed 100000 records...
[samclip] Processed 200000 records...
[samclip] Processed 300000 records...
[main] Version: 0.7.17-r1188
[samclip] Total SAM records 317338, removed 24206, allowed 7119, passed 293132
[main] CMD:[samclip] Header contained 3 lines
 bwa[samclip] Done.
 mem -Y -M -R @RG\tID:pCAMPY22\tSM:pCAMPY22 -t 24 reference/ref.fa /scratch/users/karoraw1@jhu.edu/__CA__/CA_V3/data/01_QC_final/pCAMPY22-QUALITY_PASSED_R1.fastq /scratch/users/karoraw1@jhu.edu/__CA__/CA_V3/data/01_QC_final/pCAMPY22-QUALITY_PASSED_R2.fastq
[main] Real time: 4.060 sec; CPU: 38.587 sec
[bam_sort_core] merging from 0 files and 15 in-memory blocks...
[bam_sort_core] merging from 0 files and 15 in-memory blocks...
[16:53:25] Running: samtools index pCAMPY22.bam 2>> pCAMPY22.log
[16:53:25] Running: fasta_generate_regions.py reference/ref.fa.fai 35390 > reference/ref.txt 2>> pCAMPY22.log
[16:53:25] Running: freebayes-parallel reference/ref.txt 24 -p 2 -P 0 -C 5 --min-repeat-entropy 1.5 --strict-vcf -q 13 -m 60 --min-coverage 5 -F 0.05  -f reference/ref.fa pCAMPY22.bam > pCAMPY22.raw.vcf 2>> pCAMPY22.log
[16:53:28] Running: bcftools view --include 'FMT/GT="1/1" && QUAL>=30 && FMT/DP>=5 && (FMT/AO)/(FMT/DP)>=0.01' pCAMPY22.raw.vcf  | vt normalize -r reference/ref.fa - | bcftools annotate --remove '^INFO/TYPE,^INFO/DP,^INFO/RO,^INFO/AO,^INFO/AB,^FORMAT/GT,^FORMAT/DP,^FORMAT/RO,^FORMAT/AO,^FORMAT/QR,^FORMAT/QA,^FORMAT/GL' > pCAMPY22.filt.vcf 2>> pCAMPY22.log
normalize v0.5

options:     input VCF file                                  -
         [o] output VCF file                                 -
         [w] sorting window size                             10000
         [n] no fail on reference inconsistency for non SNPs false
         [q] quiet                                           false
         [d] debug                                           false
         [r] reference FASTA file                            reference/ref.fa


stats: biallelic
          no. left trimmed                      : 22
          no. right trimmed                     : 165
          no. left and right trimmed            : 14
          no. right trimmed and left aligned    : 0
          no. left aligned                      : 0

       total no. biallelic normalized           : 201

       multiallelic
          no. left trimmed                      : 0
          no. right trimmed                     : 0
          no. left and right trimmed            : 0
          no. right trimmed and left aligned    : 0
          no. left aligned                      : 0

       total no. multiallelic normalized        : 0

       total no. variants normalized            : 201
       total no. variants observed              : 10857
       total no. reference observed             : 0

Time elapsed: 0.26s

[16:53:28] Running: snpEff ann -noLog -noStats -no-downstream -no-upstream -no-utr -c reference/snpeff.config -dataDir . ref pCAMPY22.filt.vcf > pCAMPY22.vcf 2>> pCAMPY22.log
[16:53:31] Running: /scratch/users/karoraw1@jhu.edu/variant-calling/bin/SNIPPY_ENV/bin/snippy-vcf_to_tab --gff reference/ref.gff --ref reference/ref.fa --vcf pCAMPY22.vcf > pCAMPY22.tab 2>> pCAMPY22.log
[16:53:33] Running: /scratch/users/karoraw1@jhu.edu/variant-calling/bin/SNIPPY_ENV/bin/snippy-vcf_extract_subs pCAMPY22.filt.vcf > pCAMPY22.subs.vcf 2>> pCAMPY22.log
[16:53:33] Running: bcftools convert -Oz -o pCAMPY22.vcf.gz pCAMPY22.vcf 2>> pCAMPY22.log
[16:53:34] Running: bcftools index -f pCAMPY22.vcf.gz 2>> pCAMPY22.log
[16:53:34] Running: bcftools consensus -f reference/ref.fa -o pCAMPY22.consensus.fa pCAMPY22.vcf.gz 2>> pCAMPY22.log
[16:53:34] Running: bcftools convert -Oz -o pCAMPY22.subs.vcf.gz pCAMPY22.subs.vcf 2>> pCAMPY22.log
[16:53:34] Running: bcftools index -f pCAMPY22.subs.vcf.gz 2>> pCAMPY22.log
[16:53:34] Running: bcftools consensus -f reference/ref.fa -o pCAMPY22.consensus.subs.fa pCAMPY22.subs.vcf.gz 2>> pCAMPY22.log
[16:53:34] Running: rm -f pCAMPY22.subs.vcf.gz pCAMPY22.subs.vcf.gz.csi pCAMPY22.subs.vcf.gz.tbi 2>> pCAMPY22.log
[16:53:34] Generating reference aligned/masked FASTA relative to reference: pCAMPY22.aligned.fa
[16:53:37] Marked 186 heterozygous sites with 'n'
[16:53:37] Creating extra output files: BED GFF CSV TXT HTML
[16:53:37] Identified 10857 variants.
[16:53:37] Result folder: /home-3/karoraw1@jhu.edu/scratch/variant-calling/snipout/pCAMPY22
[16:53:37] Result files:
[16:53:37] * /home-3/karoraw1@jhu.edu/scratch/variant-calling/snipout/pCAMPY22/pCAMPY22.aligned.fa
[16:53:37] * /home-3/karoraw1@jhu.edu/scratch/variant-calling/snipout/pCAMPY22/pCAMPY22.bam
[16:53:37] * /home-3/karoraw1@jhu.edu/scratch/variant-calling/snipout/pCAMPY22/pCAMPY22.bam.bai
[16:53:37] * /home-3/karoraw1@jhu.edu/scratch/variant-calling/snipout/pCAMPY22/pCAMPY22.bed
[16:53:37] * /home-3/karoraw1@jhu.edu/scratch/variant-calling/snipout/pCAMPY22/pCAMPY22.consensus.fa
[16:53:37] * /home-3/karoraw1@jhu.edu/scratch/variant-calling/snipout/pCAMPY22/pCAMPY22.consensus.subs.fa
[16:53:37] * /home-3/karoraw1@jhu.edu/scratch/variant-calling/snipout/pCAMPY22/pCAMPY22.csv
[16:53:37] * /home-3/karoraw1@jhu.edu/scratch/variant-calling/snipout/pCAMPY22/pCAMPY22.filt.vcf
[16:53:37] * /home-3/karoraw1@jhu.edu/scratch/variant-calling/snipout/pCAMPY22/pCAMPY22.gff
[16:53:37] * /home-3/karoraw1@jhu.edu/scratch/variant-calling/snipout/pCAMPY22/pCAMPY22.html
[16:53:37] * /home-3/karoraw1@jhu.edu/scratch/variant-calling/snipout/pCAMPY22/pCAMPY22.log
[16:53:37] * /home-3/karoraw1@jhu.edu/scratch/variant-calling/snipout/pCAMPY22/pCAMPY22.raw.vcf
[16:53:37] * /home-3/karoraw1@jhu.edu/scratch/variant-calling/snipout/pCAMPY22/pCAMPY22.subs.vcf
[16:53:37] * /home-3/karoraw1@jhu.edu/scratch/variant-calling/snipout/pCAMPY22/pCAMPY22.tab
[16:53:37] * /home-3/karoraw1@jhu.edu/scratch/variant-calling/snipout/pCAMPY22/pCAMPY22.txt
[16:53:37] * /home-3/karoraw1@jhu.edu/scratch/variant-calling/snipout/pCAMPY22/pCAMPY22.vcf
[16:53:37] * /home-3/karoraw1@jhu.edu/scratch/variant-calling/snipout/pCAMPY22/pCAMPY22.vcf.gz
[16:53:37] * /home-3/karoraw1@jhu.edu/scratch/variant-calling/snipout/pCAMPY22/pCAMPY22.vcf.gz.csi
[16:53:37] Walltime used: 28 seconds
[16:53:37] The Snippy manual is at https://github.com/tseemann/snippy/blob/master/README.md
[16:53:37] Done.
