[17:46:16] This is snippy 4.4.5
[17:46:16] Written by Torsten Seemann
[17:46:16] Obtained from https://github.com/tseemann/snippy
[17:46:16] Detected operating system: linux
[17:46:16] Enabling bundled linux tools.
[17:46:16] Found bwa - /scratch/users/karoraw1@jhu.edu/variant-calling/bin/SNIPPY_ENV/bin/bwa
[17:46:16] Found bcftools - /scratch/users/karoraw1@jhu.edu/variant-calling/bin/SNIPPY_ENV/bin/bcftools
[17:46:16] Found samtools - /scratch/users/karoraw1@jhu.edu/variant-calling/bin/SNIPPY_ENV/bin/samtools
[17:46:16] Found java - /scratch/users/karoraw1@jhu.edu/variant-calling/bin/SNIPPY_ENV/bin/java
[17:46:16] Found snpEff - /scratch/users/karoraw1@jhu.edu/variant-calling/bin/SNIPPY_ENV/bin/snpEff
[17:46:16] Found samclip - /scratch/users/karoraw1@jhu.edu/variant-calling/bin/SNIPPY_ENV/bin/samclip
[17:46:16] Found seqtk - /scratch/users/karoraw1@jhu.edu/variant-calling/bin/SNIPPY_ENV/bin/seqtk
[17:46:16] Found parallel - /scratch/users/karoraw1@jhu.edu/variant-calling/bin/SNIPPY_ENV/bin/parallel
[17:46:16] Found freebayes - /scratch/users/karoraw1@jhu.edu/variant-calling/bin/SNIPPY_ENV/bin/freebayes
[17:46:16] Found freebayes-parallel - /scratch/users/karoraw1@jhu.edu/variant-calling/bin/SNIPPY_ENV/bin/freebayes-parallel
[17:46:16] Found fasta_generate_regions.py - /scratch/users/karoraw1@jhu.edu/variant-calling/bin/SNIPPY_ENV/bin/fasta_generate_regions.py
[17:46:16] Found vcfstreamsort - /scratch/users/karoraw1@jhu.edu/variant-calling/bin/SNIPPY_ENV/bin/vcfstreamsort
[17:46:16] Found vcfuniq - /scratch/users/karoraw1@jhu.edu/variant-calling/bin/SNIPPY_ENV/bin/vcfuniq
[17:46:16] Found vcffirstheader - /scratch/users/karoraw1@jhu.edu/variant-calling/bin/SNIPPY_ENV/bin/vcffirstheader
[17:46:16] Found gzip - /software/centos7/bin/gzip
[17:46:16] Found vt - /scratch/users/karoraw1@jhu.edu/variant-calling/bin/SNIPPY_ENV/bin/vt
[17:46:16] Found snippy-vcf_to_tab - /scratch/users/karoraw1@jhu.edu/variant-calling/bin/SNIPPY_ENV/bin/snippy-vcf_to_tab
[17:46:16] Found snippy-vcf_report - /scratch/users/karoraw1@jhu.edu/variant-calling/bin/SNIPPY_ENV/bin/snippy-vcf_report
[17:46:17] Checking version: samtools --version is >= 1.7 - ok, have 1.9
[17:46:18] Checking version: bcftools --version is >= 1.7 - ok, have 1.9
[17:46:18] Checking version: freebayes --version is >= 1.1 - ok, have 1.3
[17:46:20] Checking version: java -version is >= 1.8 - ok, have 1.8
[17:46:22] Checking version: snpEff -version is >= 4.3 - ok, have 4.3
[17:46:22] Checking version: bwa is >= 7.12 - ok, have 7.17
[17:46:22] Using reference: /scratch/users/karoraw1@jhu.edu/variant-calling/refs/GCA_001865415.1_ASM186541v1_genomic.gbff
[17:46:22] Treating reference as 'genbank' format.
[17:46:22] Will use 24 CPU cores.
[17:46:22] Using read file: /scratch/users/karoraw1@jhu.edu/__CA__/CA_V3/data/01_QC_final/CAMPY15_S7-QUALITY_PASSED_R1.fastq
[17:46:22] Using read file: /scratch/users/karoraw1@jhu.edu/__CA__/CA_V3/data/01_QC_final/CAMPY15_S7-QUALITY_PASSED_R2.fastq
[17:46:22] Creating folder: /home-3/karoraw1@jhu.edu/scratch/variant-calling/snipout/CAMPY15_S7_ref
[17:46:22] Changing working directory: /home-3/karoraw1@jhu.edu/scratch/variant-calling/snipout/CAMPY15_S7_ref
[17:46:22] Creating reference folder: reference
[17:46:22] Extracting FASTA and GFF from reference.
[17:46:24] Wrote 2 sequences to ref.fa
[17:46:24] Wrote 1897 features to ref.gff
[17:46:24] Creating reference/snpeff.config
[17:46:24] Freebayes will process 47 chunks of 39062 bp, 24 chunks at a time.
[17:46:24] Using BAM RG (Read Group) ID: CAMPY15_S7_ref
[17:46:24] Running: samtools faidx reference/ref.fa 2>> CAMPY15_S7.log
[17:46:24] Running: bwa index reference/ref.fa 2>> CAMPY15_S7.log
[17:46:25] Running: mkdir -p reference/genomes && cp -f reference/ref.fa reference/genomes/ref.fa 2>> CAMPY15_S7.log
[17:46:25] Running: ln -sf reference/ref.fa . 2>> CAMPY15_S7.log
[17:46:25] Running: ln -sf reference/ref.fa.fai . 2>> CAMPY15_S7.log
[17:46:25] Running: mkdir -p reference/ref && gzip -c reference/ref.gff > reference/ref/genes.gff.gz 2>> CAMPY15_S7.log
[17:46:25] Running: snpEff build -c reference/snpeff.config -dataDir . -gff3 ref 2>> CAMPY15_S7.log
[17:46:28] Running: bwa mem  -Y -M -R '@RG\tID:CAMPY15_S7_ref\tSM:CAMPY15_S7_ref' -t 24 reference/ref.fa /scratch/users/karoraw1@jhu.edu/__CA__/CA_V3/data/01_QC_final/CAMPY15_S7-QUALITY_PASSED_R1.fastq /scratch/users/karoraw1@jhu.edu/__CA__/CA_V3/data/01_QC_final/CAMPY15_S7-QUALITY_PASSED_R2.fastq | samclip --max 10 --ref reference/ref.fa.fai | samtools sort -n -l 0 -T /scratch/users/karoraw1@jhu.edu/variant-calling/snipout/tmp_CAMPY15_S7 --threads 15 -m 2666M | samtools fixmate -m - - | samtools sort -l 0 -T /scratch/users/karoraw1@jhu.edu/variant-calling/snipout/tmp_CAMPY15_S7 --threads 15 -m 2666M | samtools markdup -T /scratch/users/karoraw1@jhu.edu/variant-calling/snipout/tmp_CAMPY15_S7 -r -s - - > CAMPY15_S7.bam 2>> CAMPY15_S7.log
[M::bwa_idx_load_from_disk] read 0 ALT contigs
[M::process] read 297156 sequences (63193510 bp)...
[samclip] samclip 0.2 by Torsten Seemann (@torstenseemann)
[samclip] Loading: reference/ref.fa.fai
[samclip] Found 2 sequences in reference/ref.fa.fai
[M::mem_pestat] # candidate unique pairs for (FF, FR, RF, RR): (12, 130188, 9, 4)
[M::mem_pestat] analyzing insert size distribution for orientation FF...
[M::mem_pestat] (25, 50, 75) percentile: (384, 513, 1206)
[M::mem_pestat] low and high boundaries for computing mean and std.dev: (1, 2850)
[M::mem_pestat] mean and std.dev: (524.20, 298.34)
[M::mem_pestat] low and high boundaries for proper pairs: (1, 3672)
[M::mem_pestat] analyzing insert size distribution for orientation FR...
[M::mem_pestat] (25, 50, 75) percentile: (128, 207, 295)
[M::mem_pestat] low and high boundaries for computing mean and std.dev: (1, 629)
[M::mem_pestat] mean and std.dev: (219.36, 116.08)
[M::mem_pestat] low and high boundaries for proper pairs: (1, 796)
[M::mem_pestat] skip orientation RF as there are not enough pairs
[M::mem_pestat] skip orientation RR as there are not enough pairs
[M::mem_pestat] skip orientation FF
[M::mem_process_seqs] Processed 297156 reads in 46.782 CPU sec, 3.471 real sec
[samclip] Processed 100000 records...
[samclip] Processed 200000 records...
[main] Version: 0.7.17-r1188
[main] CMD:[samclip] Total SAM records 297773, removed 59886, allowed 11641, passed 237887
 bwa[samclip] Header contained 4 lines
 mem[samclip] Done.
 -Y -M -R @RG\tID:CAMPY15_S7_ref\tSM:CAMPY15_S7_ref -t 24 reference/ref.fa /scratch/users/karoraw1@jhu.edu/__CA__/CA_V3/data/01_QC_final/CAMPY15_S7-QUALITY_PASSED_R1.fastq /scratch/users/karoraw1@jhu.edu/__CA__/CA_V3/data/01_QC_final/CAMPY15_S7-QUALITY_PASSED_R2.fastq
[main] Real time: 6.514 sec; CPU: 48.055 sec
[bam_sort_core] merging from 0 files and 15 in-memory blocks...
[bam_sort_core] merging from 0 files and 15 in-memory blocks...
[17:46:39] Running: samtools index CAMPY15_S7.bam 2>> CAMPY15_S7.log
[17:46:39] Running: fasta_generate_regions.py reference/ref.fa.fai 39062 > reference/ref.txt 2>> CAMPY15_S7.log
[17:46:39] Running: freebayes-parallel reference/ref.txt 24 -p 2 -P 0 -C 10 --min-repeat-entropy 1.5 --strict-vcf -q 13 -m 60 --min-coverage 10 -F 0.05  -f reference/ref.fa CAMPY15_S7.bam > CAMPY15_S7.raw.vcf 2>> CAMPY15_S7.log
[17:46:41] Running: bcftools view --include 'FMT/GT="1/1" && QUAL>=30 && FMT/DP>=10 && (FMT/AO)/(FMT/DP)>=0.01' CAMPY15_S7.raw.vcf  | vt normalize -r reference/ref.fa - | bcftools annotate --remove '^INFO/TYPE,^INFO/DP,^INFO/RO,^INFO/AO,^INFO/AB,^FORMAT/GT,^FORMAT/DP,^FORMAT/RO,^FORMAT/AO,^FORMAT/QR,^FORMAT/QA,^FORMAT/GL' > CAMPY15_S7.filt.vcf 2>> CAMPY15_S7.log
normalize v0.5

options:     input VCF file                                  -
         [o] output VCF file                                 -
         [w] sorting window size                             10000
         [n] no fail on reference inconsistency for non SNPs false
         [q] quiet                                           false
         [d] debug                                           false
         [r] reference FASTA file                            reference/ref.fa


stats: biallelic
          no. left trimmed                      : 10
          no. right trimmed                     : 36
          no. left and right trimmed            : 3
          no. right trimmed and left aligned    : 0
          no. left aligned                      : 0

       total no. biallelic normalized           : 49

       multiallelic
          no. left trimmed                      : 0
          no. right trimmed                     : 0
          no. left and right trimmed            : 0
          no. right trimmed and left aligned    : 0
          no. left aligned                      : 0

       total no. multiallelic normalized        : 0

       total no. variants normalized            : 49
       total no. variants observed              : 2810
       total no. reference observed             : 0

Time elapsed: 0.06s

[17:46:42] Running: snpEff ann -noLog -noStats -no-downstream -no-upstream -no-utr -c reference/snpeff.config -dataDir . ref CAMPY15_S7.filt.vcf > CAMPY15_S7.vcf 2>> CAMPY15_S7.log
[17:46:43] Running: /scratch/users/karoraw1@jhu.edu/variant-calling/bin/SNIPPY_ENV/bin/snippy-vcf_to_tab --gff reference/ref.gff --ref reference/ref.fa --vcf CAMPY15_S7.vcf > CAMPY15_S7.tab 2>> CAMPY15_S7.log
[17:46:45] Running: /scratch/users/karoraw1@jhu.edu/variant-calling/bin/SNIPPY_ENV/bin/snippy-vcf_extract_subs CAMPY15_S7.filt.vcf > CAMPY15_S7.subs.vcf 2>> CAMPY15_S7.log
[17:46:45] Running: bcftools convert -Oz -o CAMPY15_S7.vcf.gz CAMPY15_S7.vcf 2>> CAMPY15_S7.log
[17:46:45] Running: bcftools index -f CAMPY15_S7.vcf.gz 2>> CAMPY15_S7.log
[17:46:45] Running: bcftools consensus -f reference/ref.fa -o CAMPY15_S7.consensus.fa CAMPY15_S7.vcf.gz 2>> CAMPY15_S7.log
[17:46:45] Running: bcftools convert -Oz -o CAMPY15_S7.subs.vcf.gz CAMPY15_S7.subs.vcf 2>> CAMPY15_S7.log
[17:46:45] Running: bcftools index -f CAMPY15_S7.subs.vcf.gz 2>> CAMPY15_S7.log
[17:46:45] Running: bcftools consensus -f reference/ref.fa -o CAMPY15_S7.consensus.subs.fa CAMPY15_S7.subs.vcf.gz 2>> CAMPY15_S7.log
[17:46:46] Running: rm -f CAMPY15_S7.subs.vcf.gz CAMPY15_S7.subs.vcf.gz.csi CAMPY15_S7.subs.vcf.gz.tbi 2>> CAMPY15_S7.log
[17:46:46] Generating reference aligned/masked FASTA relative to reference: CAMPY15_S7.aligned.fa
[17:46:48] Marked 144 heterozygous sites with 'n'
[17:46:48] Creating extra output files: BED GFF CSV TXT HTML
[17:46:48] Identified 2810 variants.
[17:46:48] Result folder: /home-3/karoraw1@jhu.edu/scratch/variant-calling/snipout/CAMPY15_S7_ref
[17:46:48] Result files:
[17:46:48] * /home-3/karoraw1@jhu.edu/scratch/variant-calling/snipout/CAMPY15_S7_ref/CAMPY15_S7.aligned.fa
[17:46:48] * /home-3/karoraw1@jhu.edu/scratch/variant-calling/snipout/CAMPY15_S7_ref/CAMPY15_S7.bam
[17:46:48] * /home-3/karoraw1@jhu.edu/scratch/variant-calling/snipout/CAMPY15_S7_ref/CAMPY15_S7.bam.bai
[17:46:48] * /home-3/karoraw1@jhu.edu/scratch/variant-calling/snipout/CAMPY15_S7_ref/CAMPY15_S7.bed
[17:46:48] * /home-3/karoraw1@jhu.edu/scratch/variant-calling/snipout/CAMPY15_S7_ref/CAMPY15_S7.consensus.fa
[17:46:48] * /home-3/karoraw1@jhu.edu/scratch/variant-calling/snipout/CAMPY15_S7_ref/CAMPY15_S7.consensus.subs.fa
[17:46:48] * /home-3/karoraw1@jhu.edu/scratch/variant-calling/snipout/CAMPY15_S7_ref/CAMPY15_S7.csv
[17:46:48] * /home-3/karoraw1@jhu.edu/scratch/variant-calling/snipout/CAMPY15_S7_ref/CAMPY15_S7.filt.vcf
[17:46:48] * /home-3/karoraw1@jhu.edu/scratch/variant-calling/snipout/CAMPY15_S7_ref/CAMPY15_S7.gff
[17:46:48] * /home-3/karoraw1@jhu.edu/scratch/variant-calling/snipout/CAMPY15_S7_ref/CAMPY15_S7.html
[17:46:48] * /home-3/karoraw1@jhu.edu/scratch/variant-calling/snipout/CAMPY15_S7_ref/CAMPY15_S7.log
[17:46:48] * /home-3/karoraw1@jhu.edu/scratch/variant-calling/snipout/CAMPY15_S7_ref/CAMPY15_S7.raw.vcf
[17:46:48] * /home-3/karoraw1@jhu.edu/scratch/variant-calling/snipout/CAMPY15_S7_ref/CAMPY15_S7.subs.vcf
[17:46:48] * /home-3/karoraw1@jhu.edu/scratch/variant-calling/snipout/CAMPY15_S7_ref/CAMPY15_S7.tab
[17:46:48] * /home-3/karoraw1@jhu.edu/scratch/variant-calling/snipout/CAMPY15_S7_ref/CAMPY15_S7.txt
[17:46:48] * /home-3/karoraw1@jhu.edu/scratch/variant-calling/snipout/CAMPY15_S7_ref/CAMPY15_S7.vcf
[17:46:48] * /home-3/karoraw1@jhu.edu/scratch/variant-calling/snipout/CAMPY15_S7_ref/CAMPY15_S7.vcf.gz
[17:46:48] * /home-3/karoraw1@jhu.edu/scratch/variant-calling/snipout/CAMPY15_S7_ref/CAMPY15_S7.vcf.gz.csi
[17:46:48] Walltime used: 32 seconds
[17:46:48] Wishing you a life free of homopolymer errors.
[17:46:48] Done.
