[16:52:39] This is snippy 4.4.5
[16:52:39] Written by Torsten Seemann
[16:52:39] Obtained from https://github.com/tseemann/snippy
[16:52:39] Detected operating system: linux
[16:52:39] Enabling bundled linux tools.
[16:52:39] Found bwa - /scratch/users/karoraw1@jhu.edu/variant-calling/bin/SNIPPY_ENV/bin/bwa
[16:52:39] Found bcftools - /scratch/users/karoraw1@jhu.edu/variant-calling/bin/SNIPPY_ENV/bin/bcftools
[16:52:39] Found samtools - /scratch/users/karoraw1@jhu.edu/variant-calling/bin/SNIPPY_ENV/bin/samtools
[16:52:39] Found java - /scratch/users/karoraw1@jhu.edu/variant-calling/bin/SNIPPY_ENV/bin/java
[16:52:39] Found snpEff - /scratch/users/karoraw1@jhu.edu/variant-calling/bin/SNIPPY_ENV/bin/snpEff
[16:52:39] Found samclip - /scratch/users/karoraw1@jhu.edu/variant-calling/bin/SNIPPY_ENV/bin/samclip
[16:52:39] Found seqtk - /scratch/users/karoraw1@jhu.edu/variant-calling/bin/SNIPPY_ENV/bin/seqtk
[16:52:39] Found parallel - /scratch/users/karoraw1@jhu.edu/variant-calling/bin/SNIPPY_ENV/bin/parallel
[16:52:39] Found freebayes - /scratch/users/karoraw1@jhu.edu/variant-calling/bin/SNIPPY_ENV/bin/freebayes
[16:52:39] Found freebayes-parallel - /scratch/users/karoraw1@jhu.edu/variant-calling/bin/SNIPPY_ENV/bin/freebayes-parallel
[16:52:39] Found fasta_generate_regions.py - /scratch/users/karoraw1@jhu.edu/variant-calling/bin/SNIPPY_ENV/bin/fasta_generate_regions.py
[16:52:39] Found vcfstreamsort - /scratch/users/karoraw1@jhu.edu/variant-calling/bin/SNIPPY_ENV/bin/vcfstreamsort
[16:52:39] Found vcfuniq - /scratch/users/karoraw1@jhu.edu/variant-calling/bin/SNIPPY_ENV/bin/vcfuniq
[16:52:39] Found vcffirstheader - /scratch/users/karoraw1@jhu.edu/variant-calling/bin/SNIPPY_ENV/bin/vcffirstheader
[16:52:39] Found gzip - /software/centos7/bin/gzip
[16:52:39] Found vt - /scratch/users/karoraw1@jhu.edu/variant-calling/bin/SNIPPY_ENV/bin/vt
[16:52:39] Found snippy-vcf_to_tab - /scratch/users/karoraw1@jhu.edu/variant-calling/bin/SNIPPY_ENV/bin/snippy-vcf_to_tab
[16:52:39] Found snippy-vcf_report - /scratch/users/karoraw1@jhu.edu/variant-calling/bin/SNIPPY_ENV/bin/snippy-vcf_report
[16:52:39] Checking version: samtools --version is >= 1.7 - ok, have 1.9
[16:52:39] Checking version: bcftools --version is >= 1.7 - ok, have 1.9
[16:52:39] Checking version: freebayes --version is >= 1.1 - ok, have 1.3
[16:52:41] Checking version: java -version is >= 1.8 - ok, have 1.8
[16:52:44] Checking version: snpEff -version is >= 4.3 - ok, have 4.3
[16:52:44] Checking version: bwa is >= 7.12 - ok, have 7.17
[16:52:44] Using reference: /scratch/users/karoraw1@jhu.edu/variant-calling/refs/GCA_000171795.2_ASM17179v2_genomic.gbff
[16:52:45] Treating reference as 'genbank' format.
[16:52:45] Will use 24 CPU cores.
[16:52:45] Using read file: /scratch/users/karoraw1@jhu.edu/__CA__/CA_V3/data/01_QC_final/crofts_33D1-QUALITY_PASSED_R1.fastq
[16:52:45] Using read file: /scratch/users/karoraw1@jhu.edu/__CA__/CA_V3/data/01_QC_final/crofts_33D1-QUALITY_PASSED_R2.fastq
[16:52:45] Creating folder: /home-3/karoraw1@jhu.edu/scratch/variant-calling/snipout/crofts_33D1
[16:52:45] Changing working directory: /home-3/karoraw1@jhu.edu/scratch/variant-calling/snipout/crofts_33D1
[16:52:45] Creating reference folder: reference
[16:52:45] Extracting FASTA and GFF from reference.
[16:52:46] Wrote 1 sequences to ref.fa
[16:52:46] Wrote 1687 features to ref.gff
[16:52:46] Creating reference/snpeff.config
[16:52:46] Freebayes will process 47 chunks of 35390 bp, 24 chunks at a time.
[16:52:46] Using BAM RG (Read Group) ID: crofts_33D1
[16:52:46] Running: samtools faidx reference/ref.fa 2>> crofts_33D1.log
[16:52:46] Running: bwa index reference/ref.fa 2>> crofts_33D1.log
[16:52:48] Running: mkdir -p reference/genomes && cp -f reference/ref.fa reference/genomes/ref.fa 2>> crofts_33D1.log
[16:52:48] Running: ln -sf reference/ref.fa . 2>> crofts_33D1.log
[16:52:48] Running: ln -sf reference/ref.fa.fai . 2>> crofts_33D1.log
[16:52:48] Running: mkdir -p reference/ref && gzip -c reference/ref.gff > reference/ref/genes.gff.gz 2>> crofts_33D1.log
[16:52:48] Running: snpEff build -c reference/snpeff.config -dataDir . -gff3 ref 2>> crofts_33D1.log
[16:52:51] Running: bwa mem  -Y -M -R '@RG\tID:crofts_33D1\tSM:crofts_33D1' -t 24 reference/ref.fa /scratch/users/karoraw1@jhu.edu/__CA__/CA_V3/data/01_QC_final/crofts_33D1-QUALITY_PASSED_R1.fastq /scratch/users/karoraw1@jhu.edu/__CA__/CA_V3/data/01_QC_final/crofts_33D1-QUALITY_PASSED_R2.fastq | samclip --max 10 --ref reference/ref.fa.fai | samtools sort -n -l 0 -T /scratch/users/karoraw1@jhu.edu/variant-calling/snipout/tmp_crofts_33D1 --threads 15 -m 2666M | samtools fixmate -m - - | samtools sort -l 0 -T /scratch/users/karoraw1@jhu.edu/variant-calling/snipout/tmp_crofts_33D1 --threads 15 -m 2666M | samtools markdup -T /scratch/users/karoraw1@jhu.edu/variant-calling/snipout/tmp_crofts_33D1 -r -s - - > crofts_33D1.bam 2>> crofts_33D1.log
[M::bwa_idx_load_from_disk] read 0 ALT contigs
[samclip] samclip 0.2 by Torsten Seemann (@torstenseemann)
[samclip] Loading: reference/ref.fa.fai
[samclip] Found 1 sequences in reference/ref.fa.fai
[M::process] read 3200000 sequences (240000000 bp)...
[M::mem_pestat] # candidate unique pairs for (FF, FR, RF, RR): (0, 0, 0, 0)
[M::mem_pestat] skip orientation FF as there are not enough pairs
[M::mem_pestat] skip orientation FR as there are not enough pairs
[M::mem_pestat] skip orientation RF as there are not enough pairs
[M::mem_pestat] skip orientation RR as there are not enough pairs
[M::mem_process_seqs] Processed 3200000 reads in 121.152 CPU sec, 14.776 real sec
[samclip] Processed 100000 records...
[samclip] Processed 200000 records...
[samclip] Processed 300000 records...
[samclip] Processed 400000 records...
[samclip] Processed 500000 records...
[samclip] Processed 600000 records...
[M::process] read 3200000 sequences (240000000 bp)...
[samclip] Processed 700000 records...
[samclip] Processed 800000 records...
[samclip] Processed 900000 records...
[samclip] Processed 1000000 records...
[samclip] Processed 1100000 records...
[M::mem_pestat] # candidate unique pairs for (FF, FR, RF, RR): (0, 0, 0, 0)
[M::mem_pestat] skip orientation FF as there are not enough pairs
[M::mem_pestat] skip orientation FR as there are not enough pairs
[M::mem_pestat] skip orientation RF as there are not enough pairs
[M::mem_pestat] skip orientation RR as there are not enough pairs
[samclip] Processed 1200000 records...
[samclip] Processed 1300000 records...
[M::mem_process_seqs] Processed 3200000 reads in 114.823 CPU sec, 10.113 real sec
[samclip] Processed 1400000 records...
[samclip] Processed 1500000 records...
[samclip] Processed 1600000 records...
[samclip] Processed 1700000 records...
[samclip] Processed 1800000 records...
[samclip] Processed 1900000 records...
[samclip] Processed 2000000 records...
[samclip] Processed 2100000 records...
[samclip] Processed 2200000 records...
[samclip] Processed 2300000 records...
[samclip] Processed 2400000 records...
[samclip] Processed 2500000 records...
[samclip] Processed 2600000 records...
[samclip] Processed 2700000 records...
[samclip] Processed 2800000 records...
[samclip] Processed 2900000 records...
[samclip] Processed 3000000 records...
[samclip] Processed 3100000 records...
[samclip] Processed 3200000 records...
[samclip] Processed 3300000 records...
[samclip] Processed 3400000 records...
[samclip] Processed 3500000 records...
[samclip] Processed 3600000 records...
[samclip] Processed 3700000 records...
[samclip] Processed 3800000 records...
[samclip] Processed 3900000 records...
[samclip] Processed 4000000 records...
[samclip] Processed 4100000 records...
[samclip] Processed 4200000 records...
[samclip] Processed 4300000 records...
[samclip] Processed 4400000 records...
[samclip] Processed 4500000 records...
[samclip] Processed 4600000 records...
[samclip] Processed 4700000 records...
[samclip] Processed 4800000 records...
[M::process] read 3200000 sequences (240000000 bp)...
[samclip] Processed 4900000 records...
[samclip] Processed 5000000 records...
[samclip] Processed 5100000 records...
[samclip] Processed 5200000 records...
[M::mem_pestat] # candidate unique pairs for (FF, FR, RF, RR): (0, 0, 0, 0)
[M::mem_pestat] skip orientation FF as there are not enough pairs
[M::mem_pestat] skip orientation FR as there are not enough pairs
[M::mem_pestat] skip orientation RF as there are not enough pairs
[M::mem_pestat] skip orientation RR as there are not enough pairs
[samclip] Processed 5300000 records...
[samclip] Processed 5400000 records...
[M::mem_process_seqs] Processed 3200000 reads in 99.085 CPU sec, 5.387 real sec
[samclip] Processed 5500000 records...
[samclip] Processed 5600000 records...
[samclip] Processed 5700000 records...
[samclip] Processed 5800000 records...
[samclip] Processed 5900000 records...
[samclip] Processed 6000000 records...
[samclip] Processed 6100000 records...
[samclip] Processed 6200000 records...
[samclip] Processed 6300000 records...
[samclip] Processed 6400000 records...
[samclip] Processed 6500000 records...
[samclip] Processed 6600000 records...
[samclip] Processed 6700000 records...
[samclip] Processed 6800000 records...
[samclip] Processed 6900000 records...
[samclip] Processed 7000000 records...
[samclip] Processed 7100000 records...
[samclip] Processed 7200000 records...
[samclip] Processed 7300000 records...
[samclip] Processed 7400000 records...
[samclip] Processed 7500000 records...
[samclip] Processed 7600000 records...
[samclip] Processed 7700000 records...
[M::process] read 3200000 sequences (240000000 bp)...
[samclip] Processed 7800000 records...
[samclip] Processed 7900000 records...
[samclip] Processed 8000000 records...
[samclip] Processed 8100000 records...
[M::mem_pestat] # candidate unique pairs for (FF, FR, RF, RR): (0, 0, 0, 0)
[M::mem_pestat] skip orientation FF as there are not enough pairs
[M::mem_pestat] skip orientation FR as there are not enough pairs
[M::mem_pestat] skip orientation RF as there are not enough pairs
[M::mem_pestat] skip orientation RR as there are not enough pairs
[samclip] Processed 8200000 records...
[samclip] Processed 8300000 records...
[M::mem_process_seqs] Processed 3200000 reads in 96.365 CPU sec, 5.506 real sec
[samclip] Processed 8400000 records...
[samclip] Processed 8500000 records...
[samclip] Processed 8600000 records...
[samclip] Processed 8700000 records...
[samclip] Processed 8800000 records...
[samclip] Processed 8900000 records...
[samclip] Processed 9000000 records...
[samclip] Processed 9100000 records...
[samclip] Processed 9200000 records...
[samclip] Processed 9300000 records...
[samclip] Processed 9400000 records...
[samclip] Processed 9500000 records...
[samclip] Processed 9600000 records...
[samclip] Processed 9700000 records...
[samclip] Processed 9800000 records...
[samclip] Processed 9900000 records...
[samclip] Processed 10000000 records...
[samclip] Processed 10100000 records...
[samclip] Processed 10200000 records...
[samclip] Processed 10300000 records...
[samclip] Processed 10400000 records...
[samclip] Processed 10500000 records...
[samclip] Processed 10600000 records...
[samclip] Processed 10700000 records...
[samclip] Processed 10800000 records...
[samclip] Processed 10900000 records...
[M::process] read 3200000 sequences (240000000 bp)...
[samclip] Processed 11000000 records...
[samclip] Processed 11100000 records...
[samclip] Processed 11200000 records...
[samclip] Processed 11300000 records...
[M::mem_pestat] # candidate unique pairs for (FF, FR, RF, RR): (0, 0, 0, 0)
[M::mem_pestat] skip orientation FF as there are not enough pairs
[M::mem_pestat] skip orientation FR as there are not enough pairs
[M::mem_pestat] skip orientation RF as there are not enough pairs
[M::mem_pestat] skip orientation RR as there are not enough pairs
[samclip] Processed 11400000 records...
[M::mem_process_seqs] Processed 3200000 reads in 94.505 CPU sec, 5.262 real sec
[samclip] Processed 11500000 records...
[samclip] Processed 11600000 records...
[samclip] Processed 11700000 records...
[samclip] Processed 11800000 records...
[samclip] Processed 11900000 records...
[samclip] Processed 12000000 records...
[samclip] Processed 12100000 records...
[samclip] Processed 12200000 records...
[samclip] Processed 12300000 records...
[samclip] Processed 12400000 records...
[samclip] Processed 12500000 records...
[samclip] Processed 12600000 records...
[samclip] Processed 12700000 records...
[samclip] Processed 12800000 records...
[samclip] Processed 12900000 records...
[samclip] Processed 13000000 records...
[samclip] Processed 13100000 records...
[samclip] Processed 13200000 records...
[samclip] Processed 13300000 records...
[samclip] Processed 13400000 records...
[samclip] Processed 13500000 records...
[samclip] Processed 13600000 records...
[samclip] Processed 13700000 records...
[samclip] Processed 13800000 records...
[samclip] Processed 13900000 records...
[samclip] Processed 14000000 records...
[samclip] Processed 14100000 records...
[M::process] read 3200000 sequences (240000000 bp)...
[samclip] Processed 14200000 records...
[samclip] Processed 14300000 records...
[samclip] Processed 14400000 records...
[samclip] Processed 14500000 records...
[M::mem_pestat] # candidate unique pairs for (FF, FR, RF, RR): (0, 0, 0, 0)
[M::mem_pestat] skip orientation FF as there are not enough pairs
[M::mem_pestat] skip orientation FR as there are not enough pairs
[M::mem_pestat] skip orientation RF as there are not enough pairs
[M::mem_pestat] skip orientation RR as there are not enough pairs
[samclip] Processed 14600000 records...
[samclip] Processed 14700000 records...
[M::mem_process_seqs] Processed 3200000 reads in 106.174 CPU sec, 5.356 real sec
[samclip] Processed 14800000 records...
[samclip] Processed 14900000 records...
[samclip] Processed 15000000 records...
[samclip] Processed 15100000 records...
[samclip] Processed 15200000 records...
[samclip] Processed 15300000 records...
[samclip] Processed 15400000 records...
[samclip] Processed 15500000 records...
[samclip] Processed 15600000 records...
[samclip] Processed 15700000 records...
[samclip] Processed 15800000 records...
[samclip] Processed 15900000 records...
[samclip] Processed 16000000 records...
[samclip] Processed 16100000 records...
[samclip] Processed 16200000 records...
[samclip] Processed 16300000 records...
[samclip] Processed 16400000 records...
[samclip] Processed 16500000 records...
[samclip] Processed 16600000 records...
[samclip] Processed 16700000 records...
[samclip] Processed 16800000 records...
[samclip] Processed 16900000 records...
[samclip] Processed 17000000 records...
[M::process] read 3200000 sequences (240000000 bp)...
[samclip] Processed 17100000 records...
[samclip] Processed 17200000 records...
[samclip] Processed 17300000 records...
[samclip] Processed 17400000 records...
[M::mem_pestat] # candidate unique pairs for (FF, FR, RF, RR): (0, 0, 0, 0)
[M::mem_pestat] skip orientation FF as there are not enough pairs
[M::mem_pestat] skip orientation FR as there are not enough pairs
[M::mem_pestat] skip orientation RF as there are not enough pairs
[M::mem_pestat] skip orientation RR as there are not enough pairs
[samclip] Processed 17500000 records...
[M::mem_process_seqs] Processed 3200000 reads in 97.051 CPU sec, 5.271 real sec
[samclip] Processed 17600000 records...
[samclip] Processed 17700000 records...
[samclip] Processed 17800000 records...
[samclip] Processed 17900000 records...
[samclip] Processed 18000000 records...
[samclip] Processed 18100000 records...
[samclip] Processed 18200000 records...
[samclip] Processed 18300000 records...
[samclip] Processed 18400000 records...
[samclip] Processed 18500000 records...
[samclip] Processed 18600000 records...
[samclip] Processed 18700000 records...
[samclip] Processed 18800000 records...
[samclip] Processed 18900000 records...
[samclip] Processed 19000000 records...
[samclip] Processed 19100000 records...
[samclip] Processed 19200000 records...
[samclip] Processed 19300000 records...
[samclip] Processed 19400000 records...
[samclip] Processed 19500000 records...
[samclip] Processed 19600000 records...
[samclip] Processed 19700000 records...
[samclip] Processed 19800000 records...
[samclip] Processed 19900000 records...
[samclip] Processed 20000000 records...
[samclip] Processed 20100000 records...
[samclip] Processed 20200000 records...
[samclip] Processed 20300000 records...
[samclip] Processed 20400000 records...
[samclip] Processed 20500000 records...
[M::process] read 3200002 sequences (240000128 bp)...
[samclip] Processed 20600000 records...
[samclip] Processed 20700000 records...
[samclip] Processed 20800000 records...
[samclip] Processed 20900000 records...
[samclip] Processed 21000000 records...
[M::mem_pestat] # candidate unique pairs for (FF, FR, RF, RR): (0, 0, 0, 0)
[M::mem_pestat] skip orientation FF as there are not enough pairs
[M::mem_pestat] skip orientation FR as there are not enough pairs
[M::mem_pestat] skip orientation RF as there are not enough pairs
[M::mem_pestat] skip orientation RR as there are not enough pairs
[samclip] Processed 21100000 records...
[M::mem_process_seqs] Processed 3200002 reads in 97.187 CPU sec, 5.326 real sec
[samclip] Processed 21200000 records...
[samclip] Processed 21300000 records...
[samclip] Processed 21400000 records...
[samclip] Processed 21500000 records...
[samclip] Processed 21600000 records...
[samclip] Processed 21700000 records...
[samclip] Processed 21800000 records...
[samclip] Processed 21900000 records...
[samclip] Processed 22000000 records...
[samclip] Processed 22100000 records...
[samclip] Processed 22200000 records...
[samclip] Processed 22300000 records...
[samclip] Processed 22400000 records...
[samclip] Processed 22500000 records...
[samclip] Processed 22600000 records...
[samclip] Processed 22700000 records...
[samclip] Processed 22800000 records...
[samclip] Processed 22900000 records...
[samclip] Processed 23000000 records...
[samclip] Processed 23100000 records...
[samclip] Processed 23200000 records...
[samclip] Processed 23300000 records...
[samclip] Processed 23400000 records...
[samclip] Processed 23500000 records...
[samclip] Processed 23600000 records...
[samclip] Processed 23700000 records...
[samclip] Processed 23800000 records...
[M::process] read 3200002 sequences (240000098 bp)...
[samclip] Processed 23900000 records...
[samclip] Processed 24000000 records...
[samclip] Processed 24100000 records...
[samclip] Processed 24200000 records...
[M::mem_pestat] # candidate unique pairs for (FF, FR, RF, RR): (0, 0, 0, 0)
[M::mem_pestat] skip orientation FF as there are not enough pairs
[M::mem_pestat] skip orientation FR as there are not enough pairs
[M::mem_pestat] skip orientation RF as there are not enough pairs
[M::mem_pestat] skip orientation RR as there are not enough pairs
[samclip] Processed 24300000 records...
[samclip] Processed 24400000 records...
[M::mem_process_seqs] Processed 3200002 reads in 95.699 CPU sec, 5.292 real sec
[samclip] Processed 24500000 records...
[samclip] Processed 24600000 records...
[samclip] Processed 24700000 records...
[samclip] Processed 24800000 records...
[samclip] Processed 24900000 records...
[samclip] Processed 25000000 records...
[samclip] Processed 25100000 records...
[samclip] Processed 25200000 records...
[samclip] Processed 25300000 records...
[samclip] Processed 25400000 records...
[samclip] Processed 25500000 records...
[samclip] Processed 25600000 records...
[samclip] Processed 25700000 records...
[samclip] Processed 25800000 records...
[samclip] Processed 25900000 records...
[samclip] Processed 26000000 records...
[samclip] Processed 26100000 records...
[samclip] Processed 26200000 records...
[samclip] Processed 26300000 records...
[samclip] Processed 26400000 records...
[samclip] Processed 26500000 records...
[samclip] Processed 26600000 records...
[samclip] Processed 26700000 records...
[samclip] Processed 26800000 records...
[samclip] Processed 26900000 records...
[M::process] read 3200002 sequences (240000142 bp)...
[samclip] Processed 27000000 records...
[samclip] Processed 27100000 records...
[samclip] Processed 27200000 records...
[samclip] Processed 27300000 records...
[samclip] Processed 27400000 records...
[M::mem_pestat] # candidate unique pairs for (FF, FR, RF, RR): (0, 0, 0, 0)
[M::mem_pestat] skip orientation FF as there are not enough pairs
[M::mem_pestat] skip orientation FR as there are not enough pairs
[M::mem_pestat] skip orientation RF as there are not enough pairs
[M::mem_pestat] skip orientation RR as there are not enough pairs
[samclip] Processed 27500000 records...
[samclip] Processed 27600000 records...
[M::mem_process_seqs] Processed 3200002 reads in 98.651 CPU sec, 5.353 real sec
[samclip] Processed 27700000 records...
[samclip] Processed 27800000 records...
[samclip] Processed 27900000 records...
[samclip] Processed 28000000 records...
[samclip] Processed 28100000 records...
[samclip] Processed 28200000 records...
[samclip] Processed 28300000 records...
[samclip] Processed 28400000 records...
[samclip] Processed 28500000 records...
[samclip] Processed 28600000 records...
[samclip] Processed 28700000 records...
[samclip] Processed 28800000 records...
[samclip] Processed 28900000 records...
[samclip] Processed 29000000 records...
[samclip] Processed 29100000 records...
[samclip] Processed 29200000 records...
[samclip] Processed 29300000 records...
[samclip] Processed 29400000 records...
[samclip] Processed 29500000 records...
[samclip] Processed 29600000 records...
[samclip] Processed 29700000 records...
[samclip] Processed 29800000 records...
[M::process] read 3200002 sequences (240000098 bp)...
[samclip] Processed 29900000 records...
[samclip] Processed 30000000 records...
[samclip] Processed 30100000 records...
[samclip] Processed 30200000 records...
[M::mem_pestat] # candidate unique pairs for (FF, FR, RF, RR): (0, 0, 0, 0)
[M::mem_pestat] skip orientation FF as there are not enough pairs
[M::mem_pestat] skip orientation FR as there are not enough pairs
[M::mem_pestat] skip orientation RF as there are not enough pairs
[M::mem_pestat] skip orientation RR as there are not enough pairs
[samclip] Processed 30300000 records...
[samclip] Processed 30400000 records...
[M::mem_process_seqs] Processed 3200002 reads in 96.588 CPU sec, 5.183 real sec
[samclip] Processed 30500000 records...
[samclip] Processed 30600000 records...
[samclip] Processed 30700000 records...
[samclip] Processed 30800000 records...
[samclip] Processed 30900000 records...
[samclip] Processed 31000000 records...
[samclip] Processed 31100000 records...
[samclip] Processed 31200000 records...
[samclip] Processed 31300000 records...
[samclip] Processed 31400000 records...
[samclip] Processed 31500000 records...
[samclip] Processed 31600000 records...
[samclip] Processed 31700000 records...
[samclip] Processed 31800000 records...
[samclip] Processed 31900000 records...
[samclip] Processed 32000000 records...
[samclip] Processed 32100000 records...
[samclip] Processed 32200000 records...
[samclip] Processed 32300000 records...
[samclip] Processed 32400000 records...
[samclip] Processed 32500000 records...
[samclip] Processed 32600000 records...
[samclip] Processed 32700000 records...
[samclip] Processed 32800000 records...
[samclip] Processed 32900000 records...
[samclip] Processed 33000000 records...
[samclip] Processed 33100000 records...
[samclip] Processed 33200000 records...
[samclip] Processed 33300000 records...
[M::process] read 3200002 sequences (240000120 bp)...
[samclip] Processed 33400000 records...
[samclip] Processed 33500000 records...
[samclip] Processed 33600000 records...
[samclip] Processed 33700000 records...
[samclip] Processed 33800000 records...
[M::mem_pestat] # candidate unique pairs for (FF, FR, RF, RR): (0, 0, 0, 0)
[M::mem_pestat] skip orientation FF as there are not enough pairs
[M::mem_pestat] skip orientation FR as there are not enough pairs
[M::mem_pestat] skip orientation RF as there are not enough pairs
[M::mem_pestat] skip orientation RR as there are not enough pairs
[samclip] Processed 33900000 records...
[M::mem_process_seqs] Processed 3200002 reads in 95.852 CPU sec, 5.109 real sec
[samclip] Processed 34000000 records...
[samclip] Processed 34100000 records...
[samclip] Processed 34200000 records...
[samclip] Processed 34300000 records...
[samclip] Processed 34400000 records...
[samclip] Processed 34500000 records...
[samclip] Processed 34600000 records...
[samclip] Processed 34700000 records...
[samclip] Processed 34800000 records...
[samclip] Processed 34900000 records...
[samclip] Processed 35000000 records...
[samclip] Processed 35100000 records...
[samclip] Processed 35200000 records...
[samclip] Processed 35300000 records...
[samclip] Processed 35400000 records...
[samclip] Processed 35500000 records...
[samclip] Processed 35600000 records...
[samclip] Processed 35700000 records...
[samclip] Processed 35800000 records...
[samclip] Processed 35900000 records...
[samclip] Processed 36000000 records...
[samclip] Processed 36100000 records...
[samclip] Processed 36200000 records...
[samclip] Processed 36300000 records...
[samclip] Processed 36400000 records...
[samclip] Processed 36500000 records...
[M::process] read 3200000 sequences (240000000 bp)...
[samclip] Processed 36600000 records...
[samclip] Processed 36700000 records...
[samclip] Processed 36800000 records...
[samclip] Processed 36900000 records...
[samclip] Processed 37000000 records...
[M::mem_pestat] # candidate unique pairs for (FF, FR, RF, RR): (0, 0, 0, 0)
[M::mem_pestat] skip orientation FF as there are not enough pairs
[M::mem_pestat] skip orientation FR as there are not enough pairs
[M::mem_pestat] skip orientation RF as there are not enough pairs
[M::mem_pestat] skip orientation RR as there are not enough pairs
[samclip] Processed 37100000 records...
[M::mem_process_seqs] Processed 3200000 reads in 96.776 CPU sec, 5.067 real sec
[samclip] Processed 37200000 records...
[samclip] Processed 37300000 records...
[samclip] Processed 37400000 records...
[samclip] Processed 37500000 records...
[samclip] Processed 37600000 records...
[samclip] Processed 37700000 records...
[samclip] Processed 37800000 records...
[samclip] Processed 37900000 records...
[samclip] Processed 38000000 records...
[samclip] Processed 38100000 records...
[samclip] Processed 38200000 records...
[samclip] Processed 38300000 records...
[samclip] Processed 38400000 records...
[samclip] Processed 38500000 records...
[samclip] Processed 38600000 records...
[samclip] Processed 38700000 records...
[samclip] Processed 38800000 records...
[samclip] Processed 38900000 records...
[samclip] Processed 39000000 records...
[samclip] Processed 39100000 records...
[samclip] Processed 39200000 records...
[samclip] Processed 39300000 records...
[samclip] Processed 39400000 records...
[samclip] Processed 39500000 records...
[samclip] Processed 39600000 records...
[samclip] Processed 39700000 records...
[samclip] Processed 39800000 records...
[samclip] Processed 39900000 records...
[samclip] Processed 40000000 records...
[samclip] Processed 40100000 records...
[M::process] read 3200000 sequences (240000000 bp)...
[samclip] Processed 40200000 records...
[samclip] Processed 40300000 records...
[samclip] Processed 40400000 records...
[samclip] Processed 40500000 records...
[M::mem_pestat] # candidate unique pairs for (FF, FR, RF, RR): (0, 0, 0, 0)
[M::mem_pestat] skip orientation FF as there are not enough pairs
[M::mem_pestat] skip orientation FR as there are not enough pairs
[M::mem_pestat] skip orientation RF as there are not enough pairs
[M::mem_pestat] skip orientation RR as there are not enough pairs
[samclip] Processed 40600000 records...
[M::mem_process_seqs] Processed 3200000 reads in 94.474 CPU sec, 5.187 real sec
[samclip] Processed 40700000 records...
[samclip] Processed 40800000 records...
[samclip] Processed 40900000 records...
[samclip] Processed 41000000 records...
[samclip] Processed 41100000 records...
[samclip] Processed 41200000 records...
[samclip] Processed 41300000 records...
[samclip] Processed 41400000 records...
[samclip] Processed 41500000 records...
[samclip] Processed 41600000 records...
[samclip] Processed 41700000 records...
[samclip] Processed 41800000 records...
[samclip] Processed 41900000 records...
[samclip] Processed 42000000 records...
[samclip] Processed 42100000 records...
[samclip] Processed 42200000 records...
[samclip] Processed 42300000 records...
[samclip] Processed 42400000 records...
[samclip] Processed 42500000 records...
[samclip] Processed 42600000 records...
[samclip] Processed 42700000 records...
[samclip] Processed 42800000 records...
[samclip] Processed 42900000 records...
[M::process] read 3200000 sequences (240000000 bp)...
[samclip] Processed 43000000 records...
[samclip] Processed 43100000 records...
[samclip] Processed 43200000 records...
[samclip] Processed 43300000 records...
[samclip] Processed 43400000 records...
[M::mem_pestat] # candidate unique pairs for (FF, FR, RF, RR): (0, 0, 0, 0)
[M::mem_pestat] skip orientation FF as there are not enough pairs
[M::mem_pestat] skip orientation FR as there are not enough pairs
[M::mem_pestat] skip orientation RF as there are not enough pairs
[M::mem_pestat] skip orientation RR as there are not enough pairs
[samclip] Processed 43500000 records...
[M::mem_process_seqs] Processed 3200000 reads in 95.755 CPU sec, 4.878 real sec
[samclip] Processed 43600000 records...
[samclip] Processed 43700000 records...
[samclip] Processed 43800000 records...
[samclip] Processed 43900000 records...
[samclip] Processed 44000000 records...
[samclip] Processed 44100000 records...
[samclip] Processed 44200000 records...
[samclip] Processed 44300000 records...
[samclip] Processed 44400000 records...
[samclip] Processed 44500000 records...
[samclip] Processed 44600000 records...
[samclip] Processed 44700000 records...
[samclip] Processed 44800000 records...
[samclip] Processed 44900000 records...
[samclip] Processed 45000000 records...
[samclip] Processed 45100000 records...
[samclip] Processed 45200000 records...
[samclip] Processed 45300000 records...
[samclip] Processed 45400000 records...
[samclip] Processed 45500000 records...
[samclip] Processed 45600000 records...
[samclip] Processed 45700000 records...
[samclip] Processed 45800000 records...
[samclip] Processed 45900000 records...
[samclip] Processed 46000000 records...
[M::process] read 3200000 sequences (240000000 bp)...
[samclip] Processed 46100000 records...
[samclip] Processed 46200000 records...
[samclip] Processed 46300000 records...
[samclip] Processed 46400000 records...
[samclip] Processed 46500000 records...
[samclip] Processed 46600000 records...
[M::mem_pestat] # candidate unique pairs for (FF, FR, RF, RR): (0, 0, 0, 0)
[M::mem_pestat] skip orientation FF as there are not enough pairs
[M::mem_pestat] skip orientation FR as there are not enough pairs
[M::mem_pestat] skip orientation RF as there are not enough pairs
[M::mem_pestat] skip orientation RR as there are not enough pairs
[samclip] Processed 46700000 records...
[M::mem_process_seqs] Processed 3200000 reads in 98.195 CPU sec, 4.882 real sec
[samclip] Processed 46800000 records...
[samclip] Processed 46900000 records...
[samclip] Processed 47000000 records...
[samclip] Processed 47100000 records...
[samclip] Processed 47200000 records...
[samclip] Processed 47300000 records...
[samclip] Processed 47400000 records...
[samclip] Processed 47500000 records...
[samclip] Processed 47600000 records...
[samclip] Processed 47700000 records...
[samclip] Processed 47800000 records...
[samclip] Processed 47900000 records...
[samclip] Processed 48000000 records...
[samclip] Processed 48100000 records...
[samclip] Processed 48200000 records...
[samclip] Processed 48300000 records...
[samclip] Processed 48400000 records...
[samclip] Processed 48500000 records...
[samclip] Processed 48600000 records...
[samclip] Processed 48700000 records...
[samclip] Processed 48800000 records...
[samclip] Processed 48900000 records...
[samclip] Processed 49000000 records...
[M::process] read 3200000 sequences (240000000 bp)...
[samclip] Processed 49100000 records...
[samclip] Processed 49200000 records...
[samclip] Processed 49300000 records...
[samclip] Processed 49400000 records...
[M::mem_pestat] # candidate unique pairs for (FF, FR, RF, RR): (0, 0, 0, 0)
[M::mem_pestat] skip orientation FF as there are not enough pairs
[M::mem_pestat] skip orientation FR as there are not enough pairs
[M::mem_pestat] skip orientation RF as there are not enough pairs
[M::mem_pestat] skip orientation RR as there are not enough pairs
[samclip] Processed 49500000 records...
[samclip] Processed 49600000 records...
[M::mem_process_seqs] Processed 3200000 reads in 98.794 CPU sec, 4.776 real sec
[samclip] Processed 49700000 records...
[samclip] Processed 49800000 records...
[samclip] Processed 49900000 records...
[samclip] Processed 50000000 records...
[samclip] Processed 50100000 records...
[samclip] Processed 50200000 records...
[samclip] Processed 50300000 records...
[samclip] Processed 50400000 records...
[samclip] Processed 50500000 records...
[samclip] Processed 50600000 records...
[samclip] Processed 50700000 records...
[samclip] Processed 50800000 records...
[samclip] Processed 50900000 records...
[samclip] Processed 51000000 records...
[samclip] Processed 51100000 records...
[samclip] Processed 51200000 records...
[samclip] Processed 51300000 records...
[samclip] Processed 51400000 records...
[samclip] Processed 51500000 records...
[samclip] Processed 51600000 records...
[samclip] Processed 51700000 records...
[samclip] Processed 51800000 records...
[samclip] Processed 51900000 records...
[samclip] Processed 52000000 records...
[samclip] Processed 52100000 records...
[samclip] Processed 52200000 records...
[samclip] Processed 52300000 records...
[samclip] Processed 52400000 records...
[samclip] Processed 52500000 records...
[M::process] read 3200000 sequences (240000000 bp)...
[samclip] Processed 52600000 records...
[samclip] Processed 52700000 records...
[samclip] Processed 52800000 records...
[M::mem_pestat] # candidate unique pairs for (FF, FR, RF, RR): (0, 0, 0, 0)
[M::mem_pestat] skip orientation FF as there are not enough pairs
[M::mem_pestat] skip orientation FR as there are not enough pairs
[M::mem_pestat] skip orientation RF as there are not enough pairs
[M::mem_pestat] skip orientation RR as there are not enough pairs
[samclip] Processed 52900000 records...
[samclip] Processed 53000000 records...
[M::mem_process_seqs] Processed 3200000 reads in 98.005 CPU sec, 5.648 real sec
[samclip] Processed 53100000 records...
[samclip] Processed 53200000 records...
[samclip] Processed 53300000 records...
[samclip] Processed 53400000 records...
[samclip] Processed 53500000 records...
[samclip] Processed 53600000 records...
[samclip] Processed 53700000 records...
[samclip] Processed 53800000 records...
[samclip] Processed 53900000 records...
[samclip] Processed 54000000 records...
[samclip] Processed 54100000 records...
[samclip] Processed 54200000 records...
[samclip] Processed 54300000 records...
[samclip] Processed 54400000 records...
[samclip] Processed 54500000 records...
[samclip] Processed 54600000 records...
[samclip] Processed 54700000 records...
[samclip] Processed 54800000 records...
[samclip] Processed 54900000 records...
[samclip] Processed 55000000 records...
[samclip] Processed 55100000 records...
[samclip] Processed 55200000 records...
[samclip] Processed 55300000 records...
[samclip] Processed 55400000 records...
[samclip] Processed 55500000 records...
[M::process] read 3200002 sequences (240000128 bp)...
[samclip] Processed 55600000 records...
[samclip] Processed 55700000 records...
[samclip] Processed 55800000 records...
[samclip] Processed 55900000 records...
[samclip] Processed 56000000 records...
[M::mem_pestat] # candidate unique pairs for (FF, FR, RF, RR): (0, 0, 0, 0)
[M::mem_pestat] skip orientation FF as there are not enough pairs
[M::mem_pestat] skip orientation FR as there are not enough pairs
[M::mem_pestat] skip orientation RF as there are not enough pairs
[M::mem_pestat] skip orientation RR as there are not enough pairs
[samclip] Processed 56100000 records...
[M::mem_process_seqs] Processed 3200002 reads in 98.146 CPU sec, 5.211 real sec
[samclip] Processed 56200000 records...
[samclip] Processed 56300000 records...
[samclip] Processed 56400000 records...
[samclip] Processed 56500000 records...
[samclip] Processed 56600000 records...
[samclip] Processed 56700000 records...
[samclip] Processed 56800000 records...
[samclip] Processed 56900000 records...
[samclip] Processed 57000000 records...
[samclip] Processed 57100000 records...
[samclip] Processed 57200000 records...
[samclip] Processed 57300000 records...
[samclip] Processed 57400000 records...
[samclip] Processed 57500000 records...
[samclip] Processed 57600000 records...
[samclip] Processed 57700000 records...
[samclip] Processed 57800000 records...
[samclip] Processed 57900000 records...
[samclip] Processed 58000000 records...
[samclip] Processed 58100000 records...
[samclip] Processed 58200000 records...
[samclip] Processed 58300000 records...
[samclip] Processed 58400000 records...
[samclip] Processed 58500000 records...
[samclip] Processed 58600000 records...
[samclip] Processed 58700000 records...
[samclip] Processed 58800000 records...
[M::process] read 3200002 sequences (240000020 bp)...
[samclip] Processed 58900000 records...
[samclip] Processed 59000000 records...
[samclip] Processed 59100000 records...
[samclip] Processed 59200000 records...
[samclip] Processed 59300000 records...
[M::mem_pestat] # candidate unique pairs for (FF, FR, RF, RR): (0, 0, 0, 0)
[M::mem_pestat] skip orientation FF as there are not enough pairs
[M::mem_pestat] skip orientation FR as there are not enough pairs
[M::mem_pestat] skip orientation RF as there are not enough pairs
[M::mem_pestat] skip orientation RR as there are not enough pairs
[samclip] Processed 59400000 records...
[samclip] Processed 59500000 records...
[M::mem_process_seqs] Processed 3200002 reads in 102.354 CPU sec, 5.004 real sec
[samclip] Processed 59600000 records...
[samclip] Processed 59700000 records...
[samclip] Processed 59800000 records...
[samclip] Processed 59900000 records...
[samclip] Processed 60000000 records...
[samclip] Processed 60100000 records...
[samclip] Processed 60200000 records...
[samclip] Processed 60300000 records...
[samclip] Processed 60400000 records...
[samclip] Processed 60500000 records...
[samclip] Processed 60600000 records...
[samclip] Processed 60700000 records...
[samclip] Processed 60800000 records...
[samclip] Processed 60900000 records...
[samclip] Processed 61000000 records...
[samclip] Processed 61100000 records...
[samclip] Processed 61200000 records...
[samclip] Processed 61300000 records...
[samclip] Processed 61400000 records...
[samclip] Processed 61500000 records...
[samclip] Processed 61600000 records...
[samclip] Processed 61700000 records...
[samclip] Processed 61800000 records...
[samclip] Processed 61900000 records...
[samclip] Processed 62000000 records...
[M::process] read 3200002 sequences (240000140 bp)...
[samclip] Processed 62100000 records...
[samclip] Processed 62200000 records...
[samclip] Processed 62300000 records...
[samclip] Processed 62400000 records...
[samclip] Processed 62500000 records...
[M::mem_pestat] # candidate unique pairs for (FF, FR, RF, RR): (0, 0, 0, 0)
[M::mem_pestat] skip orientation FF as there are not enough pairs
[M::mem_pestat] skip orientation FR as there are not enough pairs
[M::mem_pestat] skip orientation RF as there are not enough pairs
[M::mem_pestat] skip orientation RR as there are not enough pairs
[samclip] Processed 62600000 records...
[M::mem_process_seqs] Processed 3200002 reads in 94.205 CPU sec, 5.946 real sec
[samclip] Processed 62700000 records...
[samclip] Processed 62800000 records...
[samclip] Processed 62900000 records...
[samclip] Processed 63000000 records...
[samclip] Processed 63100000 records...
[samclip] Processed 63200000 records...
[samclip] Processed 63300000 records...
[samclip] Processed 63400000 records...
[samclip] Processed 63500000 records...
[samclip] Processed 63600000 records...
[samclip] Processed 63700000 records...
[samclip] Processed 63800000 records...
[samclip] Processed 63900000 records...
[samclip] Processed 64000000 records...
[samclip] Processed 64100000 records...
[samclip] Processed 64200000 records...
[samclip] Processed 64300000 records...
[samclip] Processed 64400000 records...
[samclip] Processed 64500000 records...
[samclip] Processed 64600000 records...
[samclip] Processed 64700000 records...
[samclip] Processed 64800000 records...
[samclip] Processed 64900000 records...
[samclip] Processed 65000000 records...
[samclip] Processed 65100000 records...
[samclip] Processed 65200000 records...
[M::process] read 3200002 sequences (240000118 bp)...
[samclip] Processed 65300000 records...
[samclip] Processed 65400000 records...
[samclip] Processed 65500000 records...
[samclip] Processed 65600000 records...
[M::mem_pestat] # candidate unique pairs for (FF, FR, RF, RR): (0, 0, 0, 0)
[M::mem_pestat] skip orientation FF as there are not enough pairs
[M::mem_pestat] skip orientation FR as there are not enough pairs
[M::mem_pestat] skip orientation RF as there are not enough pairs
[M::mem_pestat] skip orientation RR as there are not enough pairs
[samclip] Processed 65700000 records...
[M::mem_process_seqs] Processed 3200002 reads in 94.302 CPU sec, 5.899 real sec
[samclip] Processed 65800000 records...
[samclip] Processed 65900000 records...
[samclip] Processed 66000000 records...
[samclip] Processed 66100000 records...
[samclip] Processed 66200000 records...
[samclip] Processed 66300000 records...
[samclip] Processed 66400000 records...
[samclip] Processed 66500000 records...
[samclip] Processed 66600000 records...
[samclip] Processed 66700000 records...
[samclip] Processed 66800000 records...
[samclip] Processed 66900000 records...
[samclip] Processed 67000000 records...
[samclip] Processed 67100000 records...
[samclip] Processed 67200000 records...
[samclip] Processed 67300000 records...
[samclip] Processed 67400000 records...
[samclip] Processed 67500000 records...
[samclip] Processed 67600000 records...
[samclip] Processed 67700000 records...
[samclip] Processed 67800000 records...
[samclip] Processed 67900000 records...
[samclip] Processed 68000000 records...
[samclip] Processed 68100000 records...
[samclip] Processed 68200000 records...
[M::process] read 2816272 sequences (211220266 bp)...
[samclip] Processed 68300000 records...
[samclip] Processed 68400000 records...
[samclip] Processed 68500000 records...
[M::mem_pestat] # candidate unique pairs for (FF, FR, RF, RR): (0, 0, 0, 0)
[M::mem_pestat] skip orientation FF as there are not enough pairs
[M::mem_pestat] skip orientation FR as there are not enough pairs
[M::mem_pestat] skip orientation RF as there are not enough pairs
[M::mem_pestat] skip orientation RR as there are not enough pairs
[samclip] Processed 68600000 records...
[samclip] Processed 68700000 records...
[M::mem_process_seqs] Processed 2816272 reads in 82.616 CPU sec, 5.146 real sec
[samclip] Processed 68800000 records...
[samclip] Processed 68900000 records...
[samclip] Processed 69000000 records...
[samclip] Processed 69100000 records...
[samclip] Processed 69200000 records...
[samclip] Processed 69300000 records...
[samclip] Processed 69400000 records...
[samclip] Processed 69500000 records...
[samclip] Processed 69600000 records...
[samclip] Processed 69700000 records...
[samclip] Processed 69800000 records...
[samclip] Processed 69900000 records...
[samclip] Processed 70000000 records...
[samclip] Processed 70100000 records...
[samclip] Processed 70200000 records...
[samclip] Processed 70300000 records...
[samclip] Processed 70400000 records...
[samclip] Processed 70500000 records...
[samclip] Processed 70600000 records...
[samclip] Processed 70700000 records...
[samclip] Processed 70800000 records...
[samclip] Processed 70900000 records...
[samclip] Processed 71000000 records...
[samclip] Processed 71100000 records...
[samclip] Processed 71200000 records...
[samclip] Processed 71300000 records...
[samclip] Processed 71400000 records...
[samclip] Processed 71500000 records...
[samclip] Processed 71600000 records...
[samclip] Processed 71700000 records...
[samclip] Processed 71800000 records...
[samclip] Processed 71900000 records...
[samclip] Processed 72000000 records...
[samclip] Processed 72100000 records...
[samclip] Processed 72200000 records...
[samclip] Processed 72300000 records...
[samclip] Processed 72400000 records...
[samclip] Processed 72500000 records...
[samclip] Processed 72600000 records...
[samclip] Processed 72700000 records...
[samclip] Processed 72800000 records...
[samclip] Processed 72900000 records...
[samclip] Processed 73000000 records...
[samclip] Processed 73100000 records...
[samclip] Processed 73200000 records...
[main] Version: 0.7.17-r1188
[main] CMD: bwa mem -Y -M -R @RG\tID:crofts_33D1\tSM:crofts_33D1[samclip] Total SAM records 73219600, removed 128058, allowed 118485, passed 73091542
 -t[samclip] Header contained 3 lines
 24[samclip] Done.
 reference/ref.fa /scratch/users/karoraw1@jhu.edu/__CA__/CA_V3/data/01_QC_final/crofts_33D1-QUALITY_PASSED_R1.fastq /scratch/users/karoraw1@jhu.edu/__CA__/CA_V3/data/01_QC_final/crofts_33D1-QUALITY_PASSED_R2.fastq
[main] Real time: 329.114 sec; CPU: 2420.752 sec
[bam_sort_core] merging from 0 files and 15 in-memory blocks...
[bam_sort_core] merging from 0 files and 15 in-memory blocks...
[17:05:01] Running: samtools index crofts_33D1.bam 2>> crofts_33D1.log
[17:05:11] Running: fasta_generate_regions.py reference/ref.fa.fai 35390 > reference/ref.txt 2>> crofts_33D1.log
[17:05:11] Running: freebayes-parallel reference/ref.txt 24 -p 2 -P 0 -C 5 --min-repeat-entropy 1.5 --strict-vcf -q 13 -m 60 --min-coverage 5 -F 0.05  -f reference/ref.fa crofts_33D1.bam > crofts_33D1.raw.vcf 2>> crofts_33D1.log
[17:05:19] Running: bcftools view --include 'FMT/GT="1/1" && QUAL>=30 && FMT/DP>=5 && (FMT/AO)/(FMT/DP)>=0.01' crofts_33D1.raw.vcf  | vt normalize -r reference/ref.fa - | bcftools annotate --remove '^INFO/TYPE,^INFO/DP,^INFO/RO,^INFO/AO,^INFO/AB,^FORMAT/GT,^FORMAT/DP,^FORMAT/RO,^FORMAT/AO,^FORMAT/QR,^FORMAT/QA,^FORMAT/GL' > crofts_33D1.filt.vcf 2>> crofts_33D1.log
normalize v0.5

options:     input VCF file                                  -
         [o] output VCF file                                 -
         [w] sorting window size                             10000
         [n] no fail on reference inconsistency for non SNPs false
         [q] quiet                                           false
         [d] debug                                           false
         [r] reference FASTA file                            reference/ref.fa


stats: biallelic
          no. left trimmed                      : 1
          no. right trimmed                     : 1
          no. left and right trimmed            : 1
          no. right trimmed and left aligned    : 0
          no. left aligned                      : 0

       total no. biallelic normalized           : 3

       multiallelic
          no. left trimmed                      : 0
          no. right trimmed                     : 0
          no. left and right trimmed            : 0
          no. right trimmed and left aligned    : 0
          no. left aligned                      : 0

       total no. multiallelic normalized        : 0

       total no. variants normalized            : 3
       total no. variants observed              : 9
       total no. reference observed             : 0

Time elapsed: 0.00s

[17:05:19] Running: snpEff ann -noLog -noStats -no-downstream -no-upstream -no-utr -c reference/snpeff.config -dataDir . ref crofts_33D1.filt.vcf > crofts_33D1.vcf 2>> crofts_33D1.log
[17:05:20] Running: /scratch/users/karoraw1@jhu.edu/variant-calling/bin/SNIPPY_ENV/bin/snippy-vcf_to_tab --gff reference/ref.gff --ref reference/ref.fa --vcf crofts_33D1.vcf > crofts_33D1.tab 2>> crofts_33D1.log
[17:05:21] Running: /scratch/users/karoraw1@jhu.edu/variant-calling/bin/SNIPPY_ENV/bin/snippy-vcf_extract_subs crofts_33D1.filt.vcf > crofts_33D1.subs.vcf 2>> crofts_33D1.log
[17:05:21] Running: bcftools convert -Oz -o crofts_33D1.vcf.gz crofts_33D1.vcf 2>> crofts_33D1.log
[17:05:22] Running: bcftools index -f crofts_33D1.vcf.gz 2>> crofts_33D1.log
[17:05:22] Running: bcftools consensus -f reference/ref.fa -o crofts_33D1.consensus.fa crofts_33D1.vcf.gz 2>> crofts_33D1.log
[17:05:22] Running: bcftools convert -Oz -o crofts_33D1.subs.vcf.gz crofts_33D1.subs.vcf 2>> crofts_33D1.log
[17:05:22] Running: bcftools index -f crofts_33D1.subs.vcf.gz 2>> crofts_33D1.log
[17:05:22] Running: bcftools consensus -f reference/ref.fa -o crofts_33D1.consensus.subs.fa crofts_33D1.subs.vcf.gz 2>> crofts_33D1.log
[17:05:22] Running: rm -f crofts_33D1.subs.vcf.gz crofts_33D1.subs.vcf.gz.csi crofts_33D1.subs.vcf.gz.tbi 2>> crofts_33D1.log
[17:05:22] Generating reference aligned/masked FASTA relative to reference: crofts_33D1.aligned.fa
[17:05:35] Marked 3748 heterozygous sites with 'n'
[17:05:35] Creating extra output files: BED GFF CSV TXT HTML
[17:05:35] Identified 9 variants.
[17:05:35] Result folder: /home-3/karoraw1@jhu.edu/scratch/variant-calling/snipout/crofts_33D1
[17:05:35] Result files:
[17:05:35] * /home-3/karoraw1@jhu.edu/scratch/variant-calling/snipout/crofts_33D1/crofts_33D1.aligned.fa
[17:05:35] * /home-3/karoraw1@jhu.edu/scratch/variant-calling/snipout/crofts_33D1/crofts_33D1.bam
[17:05:35] * /home-3/karoraw1@jhu.edu/scratch/variant-calling/snipout/crofts_33D1/crofts_33D1.bam.bai
[17:05:35] * /home-3/karoraw1@jhu.edu/scratch/variant-calling/snipout/crofts_33D1/crofts_33D1.bed
[17:05:35] * /home-3/karoraw1@jhu.edu/scratch/variant-calling/snipout/crofts_33D1/crofts_33D1.consensus.fa
[17:05:35] * /home-3/karoraw1@jhu.edu/scratch/variant-calling/snipout/crofts_33D1/crofts_33D1.consensus.subs.fa
[17:05:35] * /home-3/karoraw1@jhu.edu/scratch/variant-calling/snipout/crofts_33D1/crofts_33D1.csv
[17:05:35] * /home-3/karoraw1@jhu.edu/scratch/variant-calling/snipout/crofts_33D1/crofts_33D1.filt.vcf
[17:05:35] * /home-3/karoraw1@jhu.edu/scratch/variant-calling/snipout/crofts_33D1/crofts_33D1.gff
[17:05:35] * /home-3/karoraw1@jhu.edu/scratch/variant-calling/snipout/crofts_33D1/crofts_33D1.html
[17:05:35] * /home-3/karoraw1@jhu.edu/scratch/variant-calling/snipout/crofts_33D1/crofts_33D1.log
[17:05:35] * /home-3/karoraw1@jhu.edu/scratch/variant-calling/snipout/crofts_33D1/crofts_33D1.raw.vcf
[17:05:35] * /home-3/karoraw1@jhu.edu/scratch/variant-calling/snipout/crofts_33D1/crofts_33D1.subs.vcf
[17:05:35] * /home-3/karoraw1@jhu.edu/scratch/variant-calling/snipout/crofts_33D1/crofts_33D1.tab
[17:05:35] * /home-3/karoraw1@jhu.edu/scratch/variant-calling/snipout/crofts_33D1/crofts_33D1.txt
[17:05:35] * /home-3/karoraw1@jhu.edu/scratch/variant-calling/snipout/crofts_33D1/crofts_33D1.vcf
[17:05:35] * /home-3/karoraw1@jhu.edu/scratch/variant-calling/snipout/crofts_33D1/crofts_33D1.vcf.gz
[17:05:35] * /home-3/karoraw1@jhu.edu/scratch/variant-calling/snipout/crofts_33D1/crofts_33D1.vcf.gz.csi
[17:05:35] Walltime used: 12 minutes, 56 seconds
[17:05:35] Questionable SNP? Try the --report option to see the alignments.
[17:05:35] Done.
