[17:46:14] This is snippy 4.4.5
[17:46:14] Written by Torsten Seemann
[17:46:14] Obtained from https://github.com/tseemann/snippy
[17:46:14] Detected operating system: linux
[17:46:14] Enabling bundled linux tools.
[17:46:14] Found bwa - /scratch/users/karoraw1@jhu.edu/variant-calling/bin/SNIPPY_ENV/bin/bwa
[17:46:14] Found bcftools - /scratch/users/karoraw1@jhu.edu/variant-calling/bin/SNIPPY_ENV/bin/bcftools
[17:46:15] Found samtools - /scratch/users/karoraw1@jhu.edu/variant-calling/bin/SNIPPY_ENV/bin/samtools
[17:46:15] Found java - /scratch/users/karoraw1@jhu.edu/variant-calling/bin/SNIPPY_ENV/bin/java
[17:46:15] Found snpEff - /scratch/users/karoraw1@jhu.edu/variant-calling/bin/SNIPPY_ENV/bin/snpEff
[17:46:15] Found samclip - /scratch/users/karoraw1@jhu.edu/variant-calling/bin/SNIPPY_ENV/bin/samclip
[17:46:15] Found seqtk - /scratch/users/karoraw1@jhu.edu/variant-calling/bin/SNIPPY_ENV/bin/seqtk
[17:46:15] Found parallel - /scratch/users/karoraw1@jhu.edu/variant-calling/bin/SNIPPY_ENV/bin/parallel
[17:46:15] Found freebayes - /scratch/users/karoraw1@jhu.edu/variant-calling/bin/SNIPPY_ENV/bin/freebayes
[17:46:15] Found freebayes-parallel - /scratch/users/karoraw1@jhu.edu/variant-calling/bin/SNIPPY_ENV/bin/freebayes-parallel
[17:46:15] Found fasta_generate_regions.py - /scratch/users/karoraw1@jhu.edu/variant-calling/bin/SNIPPY_ENV/bin/fasta_generate_regions.py
[17:46:15] Found vcfstreamsort - /scratch/users/karoraw1@jhu.edu/variant-calling/bin/SNIPPY_ENV/bin/vcfstreamsort
[17:46:15] Found vcfuniq - /scratch/users/karoraw1@jhu.edu/variant-calling/bin/SNIPPY_ENV/bin/vcfuniq
[17:46:15] Found vcffirstheader - /scratch/users/karoraw1@jhu.edu/variant-calling/bin/SNIPPY_ENV/bin/vcffirstheader
[17:46:15] Found gzip - /software/centos7/bin/gzip
[17:46:15] Found vt - /scratch/users/karoraw1@jhu.edu/variant-calling/bin/SNIPPY_ENV/bin/vt
[17:46:15] Found snippy-vcf_to_tab - /scratch/users/karoraw1@jhu.edu/variant-calling/bin/SNIPPY_ENV/bin/snippy-vcf_to_tab
[17:46:15] Found snippy-vcf_report - /scratch/users/karoraw1@jhu.edu/variant-calling/bin/SNIPPY_ENV/bin/snippy-vcf_report
[17:46:15] Checking version: samtools --version is >= 1.7 - ok, have 1.9
[17:46:15] Checking version: bcftools --version is >= 1.7 - ok, have 1.9
[17:46:15] Checking version: freebayes --version is >= 1.1 - ok, have 1.3
[17:46:15] Checking version: java -version is >= 1.8 - ok, have 1.8
[17:46:15] Checking version: snpEff -version is >= 4.3 - ok, have 4.3
[17:46:15] Checking version: bwa is >= 7.12 - ok, have 7.17
[17:46:15] Using reference: /scratch/users/karoraw1@jhu.edu/variant-calling/refs/GCA_001299595.1_ASM129959v1_genomic.gbff
[17:46:15] Treating reference as 'genbank' format.
[17:46:15] Will use 24 CPU cores.
[17:46:15] Using read file: /scratch/users/karoraw1@jhu.edu/__CA__/CA_V3/data/01_QC_final/CAMPY41_S20-QUALITY_PASSED_R1.fastq
[17:46:15] Using read file: /scratch/users/karoraw1@jhu.edu/__CA__/CA_V3/data/01_QC_final/CAMPY41_S20-QUALITY_PASSED_R2.fastq
[17:46:15] Creating folder: /home-3/karoraw1@jhu.edu/scratch/variant-calling/snipout/CAMPY41_S20_ref
[17:46:15] Changing working directory: /home-3/karoraw1@jhu.edu/scratch/variant-calling/snipout/CAMPY41_S20_ref
[17:46:15] Creating reference folder: reference
[17:46:15] Extracting FASTA and GFF from reference.
[17:46:16] Wrote 1 sequences to ref.fa
[17:46:16] Wrote 1712 features to ref.gff
[17:46:16] Creating reference/snpeff.config
[17:46:16] Freebayes will process 47 chunks of 36008 bp, 24 chunks at a time.
[17:46:16] Using BAM RG (Read Group) ID: CAMPY41_S20_ref
[17:46:16] Running: samtools faidx reference/ref.fa 2>> CAMPY41_S20.log
[17:46:16] Running: bwa index reference/ref.fa 2>> CAMPY41_S20.log
[17:46:17] Running: mkdir -p reference/genomes && cp -f reference/ref.fa reference/genomes/ref.fa 2>> CAMPY41_S20.log
[17:46:17] Running: ln -sf reference/ref.fa . 2>> CAMPY41_S20.log
[17:46:17] Running: ln -sf reference/ref.fa.fai . 2>> CAMPY41_S20.log
[17:46:17] Running: mkdir -p reference/ref && gzip -c reference/ref.gff > reference/ref/genes.gff.gz 2>> CAMPY41_S20.log
[17:46:17] Running: snpEff build -c reference/snpeff.config -dataDir . -gff3 ref 2>> CAMPY41_S20.log
[17:46:20] Running: bwa mem  -Y -M -R '@RG\tID:CAMPY41_S20_ref\tSM:CAMPY41_S20_ref' -t 24 reference/ref.fa /scratch/users/karoraw1@jhu.edu/__CA__/CA_V3/data/01_QC_final/CAMPY41_S20-QUALITY_PASSED_R1.fastq /scratch/users/karoraw1@jhu.edu/__CA__/CA_V3/data/01_QC_final/CAMPY41_S20-QUALITY_PASSED_R2.fastq | samclip --max 10 --ref reference/ref.fa.fai | samtools sort -n -l 0 -T /scratch/users/karoraw1@jhu.edu/variant-calling/snipout/tmp_CAMPY41_S20 --threads 15 -m 2666M | samtools fixmate -m - - | samtools sort -l 0 -T /scratch/users/karoraw1@jhu.edu/variant-calling/snipout/tmp_CAMPY41_S20 --threads 15 -m 2666M | samtools markdup -T /scratch/users/karoraw1@jhu.edu/variant-calling/snipout/tmp_CAMPY41_S20 -r -s - - > CAMPY41_S20.bam 2>> CAMPY41_S20.log
[M::bwa_idx_load_from_disk] read 0 ALT contigs
[samclip] samclip 0.2 by Torsten Seemann (@torstenseemann)
[samclip] Loading: reference/ref.fa.fai
[samclip] Found 1 sequences in reference/ref.fa.fai
[M::process] read 230448 sequences (58152335 bp)...
[M::mem_pestat] # candidate unique pairs for (FF, FR, RF, RR): (8, 108993, 0, 11)
[M::mem_pestat] skip orientation FF as there are not enough pairs
[M::mem_pestat] analyzing insert size distribution for orientation FR...
[M::mem_pestat] (25, 50, 75) percentile: (202, 276, 353)
[M::mem_pestat] low and high boundaries for computing mean and std.dev: (1, 655)
[M::mem_pestat] mean and std.dev: (280.35, 113.73)
[M::mem_pestat] low and high boundaries for proper pairs: (1, 806)
[M::mem_pestat] skip orientation RF as there are not enough pairs
[M::mem_pestat] analyzing insert size distribution for orientation RR...
[M::mem_pestat] (25, 50, 75) percentile: (222, 357, 648)
[M::mem_pestat] low and high boundaries for computing mean and std.dev: (1, 1500)
[M::mem_pestat] mean and std.dev: (412.09, 219.07)
[M::mem_pestat] low and high boundaries for proper pairs: (1, 1926)
[M::mem_pestat] skip orientation RR
[M::mem_process_seqs] Processed 230448 reads in 41.569 CPU sec, 2.458 real sec
[samclip] Processed 100000 records...
[samclip] Processed 200000 records...
[main] Version: 0.7.17-r1188
[samclip] Total SAM records 230745, removed 66233, allowed 10644, passed 164512
[main] CMD:[samclip] Header contained 3 lines
 bwa[samclip] Done.
 mem -Y -M -R @RG\tID:CAMPY41_S20_ref\tSM:CAMPY41_S20_ref -t 24 reference/ref.fa /scratch/users/karoraw1@jhu.edu/__CA__/CA_V3/data/01_QC_final/CAMPY41_S20-QUALITY_PASSED_R1.fastq /scratch/users/karoraw1@jhu.edu/__CA__/CA_V3/data/01_QC_final/CAMPY41_S20-QUALITY_PASSED_R2.fastq
[main] Real time: 4.774 sec; CPU: 42.507 sec
[bam_sort_core] merging from 0 files and 15 in-memory blocks...
[bam_sort_core] merging from 0 files and 15 in-memory blocks...
[17:46:28] Running: samtools index CAMPY41_S20.bam 2>> CAMPY41_S20.log
[17:46:29] Running: fasta_generate_regions.py reference/ref.fa.fai 36008 > reference/ref.txt 2>> CAMPY41_S20.log
[17:46:29] Running: freebayes-parallel reference/ref.txt 24 -p 2 -P 0 -C 10 --min-repeat-entropy 1.5 --strict-vcf -q 13 -m 60 --min-coverage 10 -F 0.05  -f reference/ref.fa CAMPY41_S20.bam > CAMPY41_S20.raw.vcf 2>> CAMPY41_S20.log
[17:46:30] Running: bcftools view --include 'FMT/GT="1/1" && QUAL>=30 && FMT/DP>=10 && (FMT/AO)/(FMT/DP)>=0.01' CAMPY41_S20.raw.vcf  | vt normalize -r reference/ref.fa - | bcftools annotate --remove '^INFO/TYPE,^INFO/DP,^INFO/RO,^INFO/AO,^INFO/AB,^FORMAT/GT,^FORMAT/DP,^FORMAT/RO,^FORMAT/AO,^FORMAT/QR,^FORMAT/QA,^FORMAT/GL' > CAMPY41_S20.filt.vcf 2>> CAMPY41_S20.log
normalize v0.5

options:     input VCF file                                  -
         [o] output VCF file                                 -
         [w] sorting window size                             10000
         [n] no fail on reference inconsistency for non SNPs false
         [q] quiet                                           false
         [d] debug                                           false
         [r] reference FASTA file                            reference/ref.fa


stats: biallelic
          no. left trimmed                      : 4
          no. right trimmed                     : 16
          no. left and right trimmed            : 0
          no. right trimmed and left aligned    : 0
          no. left aligned                      : 0

       total no. biallelic normalized           : 20

       multiallelic
          no. left trimmed                      : 0
          no. right trimmed                     : 0
          no. left and right trimmed            : 0
          no. right trimmed and left aligned    : 0
          no. left aligned                      : 0

       total no. multiallelic normalized        : 0

       total no. variants normalized            : 20
       total no. variants observed              : 1026
       total no. reference observed             : 0

Time elapsed: 0.01s

[17:46:31] Running: snpEff ann -noLog -noStats -no-downstream -no-upstream -no-utr -c reference/snpeff.config -dataDir . ref CAMPY41_S20.filt.vcf > CAMPY41_S20.vcf 2>> CAMPY41_S20.log
[17:46:32] Running: /scratch/users/karoraw1@jhu.edu/variant-calling/bin/SNIPPY_ENV/bin/snippy-vcf_to_tab --gff reference/ref.gff --ref reference/ref.fa --vcf CAMPY41_S20.vcf > CAMPY41_S20.tab 2>> CAMPY41_S20.log
[17:46:33] Running: /scratch/users/karoraw1@jhu.edu/variant-calling/bin/SNIPPY_ENV/bin/snippy-vcf_extract_subs CAMPY41_S20.filt.vcf > CAMPY41_S20.subs.vcf 2>> CAMPY41_S20.log
[17:46:33] Running: bcftools convert -Oz -o CAMPY41_S20.vcf.gz CAMPY41_S20.vcf 2>> CAMPY41_S20.log
[17:46:33] Running: bcftools index -f CAMPY41_S20.vcf.gz 2>> CAMPY41_S20.log
[17:46:34] Running: bcftools consensus -f reference/ref.fa -o CAMPY41_S20.consensus.fa CAMPY41_S20.vcf.gz 2>> CAMPY41_S20.log
[17:46:34] Running: bcftools convert -Oz -o CAMPY41_S20.subs.vcf.gz CAMPY41_S20.subs.vcf 2>> CAMPY41_S20.log
[17:46:34] Running: bcftools index -f CAMPY41_S20.subs.vcf.gz 2>> CAMPY41_S20.log
[17:46:34] Running: bcftools consensus -f reference/ref.fa -o CAMPY41_S20.consensus.subs.fa CAMPY41_S20.subs.vcf.gz 2>> CAMPY41_S20.log
[17:46:34] Running: rm -f CAMPY41_S20.subs.vcf.gz CAMPY41_S20.subs.vcf.gz.csi CAMPY41_S20.subs.vcf.gz.tbi 2>> CAMPY41_S20.log
[17:46:34] Generating reference aligned/masked FASTA relative to reference: CAMPY41_S20.aligned.fa
[17:46:36] Marked 0 heterozygous sites with 'n'
[17:46:36] Creating extra output files: BED GFF CSV TXT HTML
[17:46:36] Identified 1026 variants.
[17:46:36] Result folder: /home-3/karoraw1@jhu.edu/scratch/variant-calling/snipout/CAMPY41_S20_ref
[17:46:36] Result files:
[17:46:36] * /home-3/karoraw1@jhu.edu/scratch/variant-calling/snipout/CAMPY41_S20_ref/CAMPY41_S20.aligned.fa
[17:46:36] * /home-3/karoraw1@jhu.edu/scratch/variant-calling/snipout/CAMPY41_S20_ref/CAMPY41_S20.bam
[17:46:36] * /home-3/karoraw1@jhu.edu/scratch/variant-calling/snipout/CAMPY41_S20_ref/CAMPY41_S20.bam.bai
[17:46:36] * /home-3/karoraw1@jhu.edu/scratch/variant-calling/snipout/CAMPY41_S20_ref/CAMPY41_S20.bed
[17:46:36] * /home-3/karoraw1@jhu.edu/scratch/variant-calling/snipout/CAMPY41_S20_ref/CAMPY41_S20.consensus.fa
[17:46:36] * /home-3/karoraw1@jhu.edu/scratch/variant-calling/snipout/CAMPY41_S20_ref/CAMPY41_S20.consensus.subs.fa
[17:46:36] * /home-3/karoraw1@jhu.edu/scratch/variant-calling/snipout/CAMPY41_S20_ref/CAMPY41_S20.csv
[17:46:36] * /home-3/karoraw1@jhu.edu/scratch/variant-calling/snipout/CAMPY41_S20_ref/CAMPY41_S20.filt.vcf
[17:46:36] * /home-3/karoraw1@jhu.edu/scratch/variant-calling/snipout/CAMPY41_S20_ref/CAMPY41_S20.gff
[17:46:36] * /home-3/karoraw1@jhu.edu/scratch/variant-calling/snipout/CAMPY41_S20_ref/CAMPY41_S20.html
[17:46:36] * /home-3/karoraw1@jhu.edu/scratch/variant-calling/snipout/CAMPY41_S20_ref/CAMPY41_S20.log
[17:46:36] * /home-3/karoraw1@jhu.edu/scratch/variant-calling/snipout/CAMPY41_S20_ref/CAMPY41_S20.raw.vcf
[17:46:36] * /home-3/karoraw1@jhu.edu/scratch/variant-calling/snipout/CAMPY41_S20_ref/CAMPY41_S20.subs.vcf
[17:46:36] * /home-3/karoraw1@jhu.edu/scratch/variant-calling/snipout/CAMPY41_S20_ref/CAMPY41_S20.tab
[17:46:36] * /home-3/karoraw1@jhu.edu/scratch/variant-calling/snipout/CAMPY41_S20_ref/CAMPY41_S20.txt
[17:46:36] * /home-3/karoraw1@jhu.edu/scratch/variant-calling/snipout/CAMPY41_S20_ref/CAMPY41_S20.vcf
[17:46:36] * /home-3/karoraw1@jhu.edu/scratch/variant-calling/snipout/CAMPY41_S20_ref/CAMPY41_S20.vcf.gz
[17:46:36] * /home-3/karoraw1@jhu.edu/scratch/variant-calling/snipout/CAMPY41_S20_ref/CAMPY41_S20.vcf.gz.csi
[17:46:36] Walltime used: 22 seconds
[17:46:36] Wishing you a life free of homopolymer errors.
[17:46:36] Done.
